[2023-06-30 12:09:01] codecanyon.ERROR: Class "Froiden\RestAPI\Providers\ApiServiceProvider" not found {"exception":"[object] (Error(code: 0): Class \"Froiden\\RestAPI\\Providers\\ApiServiceProvider\" not found at C:\\xampp\\htdocs\\workstat\\vendor\\laravel\\framework\\src\\Illuminate\\Foundation\\ProviderRepository.php:206)
[stacktrace]
#0 C:\\xampp\\htdocs\\workstat\\vendor\\laravel\\framework\\src\\Illuminate\\Foundation\\ProviderRepository.php(142): Illuminate\\Foundation\\ProviderRepository->createProvider('Froiden\\\\RestAPI...')
#1 C:\\xampp\\htdocs\\workstat\\vendor\\laravel\\framework\\src\\Illuminate\\Foundation\\ProviderRepository.php(61): Illuminate\\Foundation\\ProviderRepository->compileManifest(Array)
#2 C:\\xampp\\htdocs\\workstat\\vendor\\laravel\\framework\\src\\Illuminate\\Foundation\\Application.php(664): Illuminate\\Foundation\\ProviderRepository->load(Array)
#3 C:\\xampp\\htdocs\\workstat\\vendor\\laravel\\framework\\src\\Illuminate\\Foundation\\Bootstrap\\RegisterProviders.php(17): Illuminate\\Foundation\\Application->registerConfiguredProviders()
#4 C:\\xampp\\htdocs\\workstat\\vendor\\laravel\\framework\\src\\Illuminate\\Foundation\\Application.php(242): Illuminate\\Foundation\\Bootstrap\\RegisterProviders->bootstrap(Object(Illuminate\\Foundation\\Application))
#5 C:\\xampp\\htdocs\\workstat\\vendor\\laravel\\framework\\src\\Illuminate\\Foundation\\Console\\Kernel.php(383): Illuminate\\Foundation\\Application->bootstrapWith(Array)
#6 C:\\xampp\\htdocs\\workstat\\vendor\\laravel\\framework\\src\\Illuminate\\Foundation\\Console\\Kernel.php(153): Illuminate\\Foundation\\Console\\Kernel->bootstrap()
#7 C:\\xampp\\htdocs\\workstat\\artisan(37): Illuminate\\Foundation\\Console\\Kernel->handle(Object(Symfony\\Component\\Console\\Input\\ArgvInput), Object(Symfony\\Component\\Console\\Output\\ConsoleOutput))
#8 {main}
"} 
[2023-06-30 12:38:27] codecanyon.ERROR: Class "Froiden\RestAPI\Providers\ApiServiceProvider" not found {"exception":"[object] (Error(code: 0): Class \"Froiden\\RestAPI\\Providers\\ApiServiceProvider\" not found at C:\\xampp\\htdocs\\workstat\\vendor\\laravel\\framework\\src\\Illuminate\\Foundation\\ProviderRepository.php:206)
[stacktrace]
#0 C:\\xampp\\htdocs\\workstat\\vendor\\laravel\\framework\\src\\Illuminate\\Foundation\\ProviderRepository.php(142): Illuminate\\Foundation\\ProviderRepository->createProvider('Froiden\\\\RestAPI...')
#1 C:\\xampp\\htdocs\\workstat\\vendor\\laravel\\framework\\src\\Illuminate\\Foundation\\ProviderRepository.php(61): Illuminate\\Foundation\\ProviderRepository->compileManifest(Array)
#2 C:\\xampp\\htdocs\\workstat\\vendor\\laravel\\framework\\src\\Illuminate\\Foundation\\Application.php(664): Illuminate\\Foundation\\ProviderRepository->load(Array)
#3 C:\\xampp\\htdocs\\workstat\\vendor\\laravel\\framework\\src\\Illuminate\\Foundation\\Bootstrap\\RegisterProviders.php(17): Illuminate\\Foundation\\Application->registerConfiguredProviders()
#4 C:\\xampp\\htdocs\\workstat\\vendor\\laravel\\framework\\src\\Illuminate\\Foundation\\Application.php(242): Illuminate\\Foundation\\Bootstrap\\RegisterProviders->bootstrap(Object(Illuminate\\Foundation\\Application))
#5 C:\\xampp\\htdocs\\workstat\\vendor\\laravel\\framework\\src\\Illuminate\\Foundation\\Http\\Kernel.php(176): Illuminate\\Foundation\\Application->bootstrapWith(Array)
#6 C:\\xampp\\htdocs\\workstat\\vendor\\laravel\\framework\\src\\Illuminate\\Foundation\\Http\\Kernel.php(160): Illuminate\\Foundation\\Http\\Kernel->bootstrap()
#7 C:\\xampp\\htdocs\\workstat\\vendor\\laravel\\framework\\src\\Illuminate\\Foundation\\Http\\Kernel.php(134): Illuminate\\Foundation\\Http\\Kernel->sendRequestThroughRouter(Object(Illuminate\\Http\\Request))
#8 C:\\xampp\\htdocs\\workstat\\public\\index.php(64): Illuminate\\Foundation\\Http\\Kernel->handle(Object(Illuminate\\Http\\Request))
#9 {main}
"} 
[2023-06-30 12:38:27] codecanyon.ERROR: Target class [view] does not exist. {"exception":"[object] (Illuminate\\Contracts\\Container\\BindingResolutionException(code: 0): Target class [view] does not exist. at C:\\xampp\\htdocs\\workstat\\vendor\\laravel\\framework\\src\\Illuminate\\Container\\Container.php:891)
[stacktrace]
#0 C:\\xampp\\htdocs\\workstat\\vendor\\laravel\\framework\\src\\Illuminate\\Container\\Container.php(770): Illuminate\\Container\\Container->build('view')
#1 C:\\xampp\\htdocs\\workstat\\vendor\\laravel\\framework\\src\\Illuminate\\Foundation\\Application.php(856): Illuminate\\Container\\Container->resolve('view', Array, true)
#2 C:\\xampp\\htdocs\\workstat\\vendor\\laravel\\framework\\src\\Illuminate\\Container\\Container.php(706): Illuminate\\Foundation\\Application->resolve('view', Array)
#3 C:\\xampp\\htdocs\\workstat\\vendor\\laravel\\framework\\src\\Illuminate\\Foundation\\Application.php(841): Illuminate\\Container\\Container->make('view', Array)
#4 C:\\xampp\\htdocs\\workstat\\vendor\\laravel\\framework\\src\\Illuminate\\Container\\Container.php(1431): Illuminate\\Foundation\\Application->make('view')
#5 C:\\xampp\\htdocs\\workstat\\vendor\\laravel\\framework\\src\\Illuminate\\Support\\Facades\\Facade.php(222): Illuminate\\Container\\Container->offsetGet('view')
#6 C:\\xampp\\htdocs\\workstat\\vendor\\laravel\\framework\\src\\Illuminate\\Support\\Facades\\Facade.php(193): Illuminate\\Support\\Facades\\Facade::resolveFacadeInstance('view')
#7 C:\\xampp\\htdocs\\workstat\\vendor\\laravel\\framework\\src\\Illuminate\\Support\\Facades\\Facade.php(332): Illuminate\\Support\\Facades\\Facade::getFacadeRoot()
#8 C:\\xampp\\htdocs\\workstat\\vendor\\laravel\\framework\\src\\Illuminate\\Foundation\\Exceptions\\RegisterErrorViewPaths.php(18): Illuminate\\Support\\Facades\\Facade::__callStatic('replaceNamespac...', Array)
#9 C:\\xampp\\htdocs\\workstat\\vendor\\laravel\\framework\\src\\Illuminate\\Foundation\\Exceptions\\Handler.php(642): Illuminate\\Foundation\\Exceptions\\RegisterErrorViewPaths->__invoke()
#10 C:\\xampp\\htdocs\\workstat\\vendor\\laravel\\framework\\src\\Illuminate\\Foundation\\Exceptions\\Handler.php(623): Illuminate\\Foundation\\Exceptions\\Handler->registerErrorViewPaths()
#11 C:\\xampp\\htdocs\\workstat\\vendor\\laravel\\framework\\src\\Illuminate\\Foundation\\Exceptions\\Handler.php(554): Illuminate\\Foundation\\Exceptions\\Handler->renderHttpException(Object(Symfony\\Component\\HttpKernel\\Exception\\HttpException))
#12 C:\\xampp\\htdocs\\workstat\\vendor\\laravel\\framework\\src\\Illuminate\\Foundation\\Exceptions\\Handler.php(460): Illuminate\\Foundation\\Exceptions\\Handler->prepareResponse(Object(Illuminate\\Http\\Request), Object(Symfony\\Component\\HttpKernel\\Exception\\HttpException))
#13 C:\\xampp\\htdocs\\workstat\\vendor\\laravel\\framework\\src\\Illuminate\\Foundation\\Exceptions\\Handler.php(377): Illuminate\\Foundation\\Exceptions\\Handler->renderExceptionResponse(Object(Illuminate\\Http\\Request), Object(Error))
#14 C:\\xampp\\htdocs\\workstat\\app\\Exceptions\\Handler.php(87): Illuminate\\Foundation\\Exceptions\\Handler->render(Object(Illuminate\\Http\\Request), Object(Error))
#15 C:\\xampp\\htdocs\\workstat\\vendor\\laravel\\framework\\src\\Illuminate\\Foundation\\Http\\Kernel.php(493): App\\Exceptions\\Handler->render(Object(Illuminate\\Http\\Request), Object(Error))
#16 C:\\xampp\\htdocs\\workstat\\vendor\\laravel\\framework\\src\\Illuminate\\Foundation\\Http\\Kernel.php(138): Illuminate\\Foundation\\Http\\Kernel->renderException(Object(Illuminate\\Http\\Request), Object(Error))
#17 C:\\xampp\\htdocs\\workstat\\public\\index.php(64): Illuminate\\Foundation\\Http\\Kernel->handle(Object(Illuminate\\Http\\Request))
#18 {main}

[previous exception] [object] (ReflectionException(code: -1): Class \"view\" does not exist at C:\\xampp\\htdocs\\workstat\\vendor\\laravel\\framework\\src\\Illuminate\\Container\\Container.php:889)
[stacktrace]
#0 C:\\xampp\\htdocs\\workstat\\vendor\\laravel\\framework\\src\\Illuminate\\Container\\Container.php(889): ReflectionClass->__construct('view')
#1 C:\\xampp\\htdocs\\workstat\\vendor\\laravel\\framework\\src\\Illuminate\\Container\\Container.php(770): Illuminate\\Container\\Container->build('view')
#2 C:\\xampp\\htdocs\\workstat\\vendor\\laravel\\framework\\src\\Illuminate\\Foundation\\Application.php(856): Illuminate\\Container\\Container->resolve('view', Array, true)
#3 C:\\xampp\\htdocs\\workstat\\vendor\\laravel\\framework\\src\\Illuminate\\Container\\Container.php(706): Illuminate\\Foundation\\Application->resolve('view', Array)
#4 C:\\xampp\\htdocs\\workstat\\vendor\\laravel\\framework\\src\\Illuminate\\Foundation\\Application.php(841): Illuminate\\Container\\Container->make('view', Array)
#5 C:\\xampp\\htdocs\\workstat\\vendor\\laravel\\framework\\src\\Illuminate\\Container\\Container.php(1431): Illuminate\\Foundation\\Application->make('view')
#6 C:\\xampp\\htdocs\\workstat\\vendor\\laravel\\framework\\src\\Illuminate\\Support\\Facades\\Facade.php(222): Illuminate\\Container\\Container->offsetGet('view')
#7 C:\\xampp\\htdocs\\workstat\\vendor\\laravel\\framework\\src\\Illuminate\\Support\\Facades\\Facade.php(193): Illuminate\\Support\\Facades\\Facade::resolveFacadeInstance('view')
#8 C:\\xampp\\htdocs\\workstat\\vendor\\laravel\\framework\\src\\Illuminate\\Support\\Facades\\Facade.php(332): Illuminate\\Support\\Facades\\Facade::getFacadeRoot()
#9 C:\\xampp\\htdocs\\workstat\\vendor\\laravel\\framework\\src\\Illuminate\\Foundation\\Exceptions\\RegisterErrorViewPaths.php(18): Illuminate\\Support\\Facades\\Facade::__callStatic('replaceNamespac...', Array)
#10 C:\\xampp\\htdocs\\workstat\\vendor\\laravel\\framework\\src\\Illuminate\\Foundation\\Exceptions\\Handler.php(642): Illuminate\\Foundation\\Exceptions\\RegisterErrorViewPaths->__invoke()
#11 C:\\xampp\\htdocs\\workstat\\vendor\\laravel\\framework\\src\\Illuminate\\Foundation\\Exceptions\\Handler.php(623): Illuminate\\Foundation\\Exceptions\\Handler->registerErrorViewPaths()
#12 C:\\xampp\\htdocs\\workstat\\vendor\\laravel\\framework\\src\\Illuminate\\Foundation\\Exceptions\\Handler.php(554): Illuminate\\Foundation\\Exceptions\\Handler->renderHttpException(Object(Symfony\\Component\\HttpKernel\\Exception\\HttpException))
#13 C:\\xampp\\htdocs\\workstat\\vendor\\laravel\\framework\\src\\Illuminate\\Foundation\\Exceptions\\Handler.php(460): Illuminate\\Foundation\\Exceptions\\Handler->prepareResponse(Object(Illuminate\\Http\\Request), Object(Symfony\\Component\\HttpKernel\\Exception\\HttpException))
#14 C:\\xampp\\htdocs\\workstat\\vendor\\laravel\\framework\\src\\Illuminate\\Foundation\\Exceptions\\Handler.php(377): Illuminate\\Foundation\\Exceptions\\Handler->renderExceptionResponse(Object(Illuminate\\Http\\Request), Object(Error))
#15 C:\\xampp\\htdocs\\workstat\\app\\Exceptions\\Handler.php(87): Illuminate\\Foundation\\Exceptions\\Handler->render(Object(Illuminate\\Http\\Request), Object(Error))
#16 C:\\xampp\\htdocs\\workstat\\vendor\\laravel\\framework\\src\\Illuminate\\Foundation\\Http\\Kernel.php(493): App\\Exceptions\\Handler->render(Object(Illuminate\\Http\\Request), Object(Error))
#17 C:\\xampp\\htdocs\\workstat\\vendor\\laravel\\framework\\src\\Illuminate\\Foundation\\Http\\Kernel.php(138): Illuminate\\Foundation\\Http\\Kernel->renderException(Object(Illuminate\\Http\\Request), Object(Error))
#18 C:\\xampp\\htdocs\\workstat\\public\\index.php(64): Illuminate\\Foundation\\Http\\Kernel->handle(Object(Illuminate\\Http\\Request))
#19 {main}
"} 
[2023-06-30 12:38:27] codecanyon.ERROR: Uncaught ReflectionException: Class "view" does not exist in C:\xampp\htdocs\workstat\vendor\laravel\framework\src\Illuminate\Container\Container.php:889
Stack trace:
#0 C:\xampp\htdocs\workstat\vendor\laravel\framework\src\Illuminate\Container\Container.php(889): ReflectionClass->__construct('view')
#1 C:\xampp\htdocs\workstat\vendor\laravel\framework\src\Illuminate\Container\Container.php(770): Illuminate\Container\Container->build('view')
#2 C:\xampp\htdocs\workstat\vendor\laravel\framework\src\Illuminate\Foundation\Application.php(856): Illuminate\Container\Container->resolve('view', Array, true)
#3 C:\xampp\htdocs\workstat\vendor\laravel\framework\src\Illuminate\Container\Container.php(706): Illuminate\Foundation\Application->resolve('view', Array)
#4 C:\xampp\htdocs\workstat\vendor\laravel\framework\src\Illuminate\Foundation\Application.php(841): Illuminate\Container\Container->make('view', Array)
#5 C:\xampp\htdocs\workstat\vendor\laravel\framework\src\Illuminate\Container\Container.php(1431): Illuminate\Foundation\Application->make('view')
#6 C:\xampp\htdocs\workstat\vendor\laravel\framework\src\Illuminate\Support\Facades\Facade.php(222): Illuminate\Container\Container->offsetGet('view')
#7 C:\xampp\htdocs\workstat\vendor\laravel\framework\src\Illuminate\Support\Facades\Facade.php(193): Illuminate\Support\Facades\Facade::resolveFacadeInstance('view')
#8 C:\xampp\htdocs\workstat\vendor\laravel\framework\src\Illuminate\Support\Facades\Facade.php(332): Illuminate\Support\Facades\Facade::getFacadeRoot()
#9 C:\xampp\htdocs\workstat\vendor\laravel\framework\src\Illuminate\Foundation\Exceptions\RegisterErrorViewPaths.php(18): Illuminate\Support\Facades\Facade::__callStatic('replaceNamespac...', Array)
#10 C:\xampp\htdocs\workstat\vendor\laravel\framework\src\Illuminate\Foundation\Exceptions\Handler.php(642): Illuminate\Foundation\Exceptions\RegisterErrorViewPaths->__invoke()
#11 C:\xampp\htdocs\workstat\vendor\laravel\framework\src\Illuminate\Foundation\Exceptions\Handler.php(623): Illuminate\Foundation\Exceptions\Handler->registerErrorViewPaths()
#12 C:\xampp\htdocs\workstat\vendor\laravel\framework\src\Illuminate\Foundation\Exceptions\Handler.php(554): Illuminate\Foundation\Exceptions\Handler->renderHttpException(Object(Symfony\Component\HttpKernel\Exception\HttpException))
#13 C:\xampp\htdocs\workstat\vendor\laravel\framework\src\Illuminate\Foundation\Exceptions\Handler.php(460): Illuminate\Foundation\Exceptions\Handler->prepareResponse(Object(Illuminate\Http\Request), Object(Symfony\Component\HttpKernel\Exception\HttpException))
#14 C:\xampp\htdocs\workstat\vendor\laravel\framework\src\Illuminate\Foundation\Exceptions\Handler.php(377): Illuminate\Foundation\Exceptions\Handler->renderExceptionResponse(Object(Illuminate\Http\Request), Object(Illuminate\Contracts\Container\BindingResolutionException))
#15 C:\xampp\htdocs\workstat\app\Exceptions\Handler.php(87): Illuminate\Foundation\Exceptions\Handler->render(Object(Illuminate\Http\Request), Object(Illuminate\Contracts\Container\BindingResolutionException))
#16 C:\xampp\htdocs\workstat\vendor\laravel\framework\src\Illuminate\Foundation\Bootstrap\HandleExceptions.php(233): App\Exceptions\Handler->render(Object(Illuminate\Http\Request), Object(Illuminate\Contracts\Container\BindingResolutionException))
#17 C:\xampp\htdocs\workstat\vendor\laravel\framework\src\Illuminate\Foundation\Bootstrap\HandleExceptions.php(210): Illuminate\Foundation\Bootstrap\HandleExceptions->renderHttpResponse(Object(Illuminate\Contracts\Container\BindingResolutionException))
#18 C:\xampp\htdocs\workstat\vendor\laravel\framework\src\Illuminate\Foundation\Bootstrap\HandleExceptions.php(270): Illuminate\Foundation\Bootstrap\HandleExceptions->handleException(Object(Illuminate\Contracts\Container\BindingResolutionException))
#19 [internal function]: Illuminate\Foundation\Bootstrap\HandleExceptions->Illuminate\Foundation\Bootstrap\{closure}(Object(Illuminate\Contracts\Container\BindingResolutionException))
#20 {main}

Next Illuminate\Contracts\Container\BindingResolutionException: Target class [view] does not exist. in C:\xampp\htdocs\workstat\vendor\laravel\framework\src\Illuminate\Container\Container.php:891
Stack trace:
#0 C:\xampp\htdocs\workstat\vendor\laravel\framework\src\Illuminate\Container\Container.php(770): Illuminate\Container\Container->build('view')
#1 C:\xampp\htdocs\workstat\vendor\laravel\framework\src\Illuminate\Foundation\Application.php(856): Illuminate\Container\Container->resolve('view', Array, true)
#2 C:\xampp\htdocs\workstat\vendor\laravel\framework\src\Illuminate\Container\Container.php(706): Illuminate\Foundation\Application->resolve('view', Array)
#3 C:\xampp\htdocs\workstat\vendor\laravel\framework\src\Illuminate\Foundation\Application.php(841): Illuminate\Container\Container->make('view', Array)
#4 C:\xampp\htdocs\workstat\vendor\laravel\framework\src\Illuminate\Container\Container.php(1431): Illuminate\Foundation\Application->make('view')
#5 C:\xampp\htdocs\workstat\vendor\laravel\framework\src\Illuminate\Support\Facades\Facade.php(222): Illuminate\Container\Container->offsetGet('view')
#6 C:\xampp\htdocs\workstat\vendor\laravel\framework\src\Illuminate\Support\Facades\Facade.php(193): Illuminate\Support\Facades\Facade::resolveFacadeInstance('view')
#7 C:\xampp\htdocs\workstat\vendor\laravel\framework\src\Illuminate\Support\Facades\Facade.php(332): Illuminate\Support\Facades\Facade::getFacadeRoot()
#8 C:\xampp\htdocs\workstat\vendor\laravel\framework\src\Illuminate\Foundation\Exceptions\RegisterErrorViewPaths.php(18): Illuminate\Support\Facades\Facade::__callStatic('replaceNamespac...', Array)
#9 C:\xampp\htdocs\workstat\vendor\laravel\framework\src\Illuminate\Foundation\Exceptions\Handler.php(642): Illuminate\Foundation\Exceptions\RegisterErrorViewPaths->__invoke()
#10 C:\xampp\htdocs\workstat\vendor\laravel\framework\src\Illuminate\Foundation\Exceptions\Handler.php(623): Illuminate\Foundation\Exceptions\Handler->registerErrorViewPaths()
#11 C:\xampp\htdocs\workstat\vendor\laravel\framework\src\Illuminate\Foundation\Exceptions\Handler.php(554): Illuminate\Foundation\Exceptions\Handler->renderHttpException(Object(Symfony\Component\HttpKernel\Exception\HttpException))
#12 C:\xampp\htdocs\workstat\vendor\laravel\framework\src\Illuminate\Foundation\Exceptions\Handler.php(460): Illuminate\Foundation\Exceptions\Handler->prepareResponse(Object(Illuminate\Http\Request), Object(Symfony\Component\HttpKernel\Exception\HttpException))
#13 C:\xampp\htdocs\workstat\vendor\laravel\framework\src\Illuminate\Foundation\Exceptions\Handler.php(377): Illuminate\Foundation\Exceptions\Handler->renderExceptionResponse(Object(Illuminate\Http\Request), Object(Illuminate\Contracts\Container\BindingResolutionException))
#14 C:\xampp\htdocs\workstat\app\Exceptions\Handler.php(87): Illuminate\Foundation\Exceptions\Handler->render(Object(Illuminate\Http\Request), Object(Illuminate\Contracts\Container\BindingResolutionException))
#15 C:\xampp\htdocs\workstat\vendor\laravel\framework\src\Illuminate\Foundation\Bootstrap\HandleExceptions.php(233): App\Exceptions\Handler->render(Object(Illuminate\Http\Request), Object(Illuminate\Contracts\Container\BindingResolutionException))
#16 C:\xampp\htdocs\workstat\vendor\laravel\framework\src\Illuminate\Foundation\Bootstrap\HandleExceptions.php(210): Illuminate\Foundation\Bootstrap\HandleExceptions->renderHttpResponse(Object(Illuminate\Contracts\Container\BindingResolutionException))
#17 C:\xampp\htdocs\workstat\vendor\laravel\framework\src\Illuminate\Foundation\Bootstrap\HandleExceptions.php(270): Illuminate\Foundation\Bootstrap\HandleExceptions->handleException(Object(Illuminate\Contracts\Container\BindingResolutionException))
#18 [internal function]: Illuminate\Foundation\Bootstrap\HandleExceptions->Illuminate\Foundation\Bootstrap\{closure}(Object(Illuminate\Contracts\Container\BindingResolutionException))
#19 {main}
  thrown {"exception":"[object] (Symfony\\Component\\ErrorHandler\\Error\\FatalError(code: 0): Uncaught ReflectionException: Class \"view\" does not exist in C:\\xampp\\htdocs\\workstat\\vendor\\laravel\\framework\\src\\Illuminate\\Container\\Container.php:889
Stack trace:
#0 C:\\xampp\\htdocs\\workstat\\vendor\\laravel\\framework\\src\\Illuminate\\Container\\Container.php(889): ReflectionClass->__construct('view')
#1 C:\\xampp\\htdocs\\workstat\\vendor\\laravel\\framework\\src\\Illuminate\\Container\\Container.php(770): Illuminate\\Container\\Container->build('view')
#2 C:\\xampp\\htdocs\\workstat\\vendor\\laravel\\framework\\src\\Illuminate\\Foundation\\Application.php(856): Illuminate\\Container\\Container->resolve('view', Array, true)
#3 C:\\xampp\\htdocs\\workstat\\vendor\\laravel\\framework\\src\\Illuminate\\Container\\Container.php(706): Illuminate\\Foundation\\Application->resolve('view', Array)
#4 C:\\xampp\\htdocs\\workstat\\vendor\\laravel\\framework\\src\\Illuminate\\Foundation\\Application.php(841): Illuminate\\Container\\Container->make('view', Array)
#5 C:\\xampp\\htdocs\\workstat\\vendor\\laravel\\framework\\src\\Illuminate\\Container\\Container.php(1431): Illuminate\\Foundation\\Application->make('view')
#6 C:\\xampp\\htdocs\\workstat\\vendor\\laravel\\framework\\src\\Illuminate\\Support\\Facades\\Facade.php(222): Illuminate\\Container\\Container->offsetGet('view')
#7 C:\\xampp\\htdocs\\workstat\\vendor\\laravel\\framework\\src\\Illuminate\\Support\\Facades\\Facade.php(193): Illuminate\\Support\\Facades\\Facade::resolveFacadeInstance('view')
#8 C:\\xampp\\htdocs\\workstat\\vendor\\laravel\\framework\\src\\Illuminate\\Support\\Facades\\Facade.php(332): Illuminate\\Support\\Facades\\Facade::getFacadeRoot()
#9 C:\\xampp\\htdocs\\workstat\\vendor\\laravel\\framework\\src\\Illuminate\\Foundation\\Exceptions\\RegisterErrorViewPaths.php(18): Illuminate\\Support\\Facades\\Facade::__callStatic('replaceNamespac...', Array)
#10 C:\\xampp\\htdocs\\workstat\\vendor\\laravel\\framework\\src\\Illuminate\\Foundation\\Exceptions\\Handler.php(642): Illuminate\\Foundation\\Exceptions\\RegisterErrorViewPaths->__invoke()
#11 C:\\xampp\\htdocs\\workstat\\vendor\\laravel\\framework\\src\\Illuminate\\Foundation\\Exceptions\\Handler.php(623): Illuminate\\Foundation\\Exceptions\\Handler->registerErrorViewPaths()
#12 C:\\xampp\\htdocs\\workstat\\vendor\\laravel\\framework\\src\\Illuminate\\Foundation\\Exceptions\\Handler.php(554): Illuminate\\Foundation\\Exceptions\\Handler->renderHttpException(Object(Symfony\\Component\\HttpKernel\\Exception\\HttpException))
#13 C:\\xampp\\htdocs\\workstat\\vendor\\laravel\\framework\\src\\Illuminate\\Foundation\\Exceptions\\Handler.php(460): Illuminate\\Foundation\\Exceptions\\Handler->prepareResponse(Object(Illuminate\\Http\\Request), Object(Symfony\\Component\\HttpKernel\\Exception\\HttpException))
#14 C:\\xampp\\htdocs\\workstat\\vendor\\laravel\\framework\\src\\Illuminate\\Foundation\\Exceptions\\Handler.php(377): Illuminate\\Foundation\\Exceptions\\Handler->renderExceptionResponse(Object(Illuminate\\Http\\Request), Object(Illuminate\\Contracts\\Container\\BindingResolutionException))
#15 C:\\xampp\\htdocs\\workstat\\app\\Exceptions\\Handler.php(87): Illuminate\\Foundation\\Exceptions\\Handler->render(Object(Illuminate\\Http\\Request), Object(Illuminate\\Contracts\\Container\\BindingResolutionException))
#16 C:\\xampp\\htdocs\\workstat\\vendor\\laravel\\framework\\src\\Illuminate\\Foundation\\Bootstrap\\HandleExceptions.php(233): App\\Exceptions\\Handler->render(Object(Illuminate\\Http\\Request), Object(Illuminate\\Contracts\\Container\\BindingResolutionException))
#17 C:\\xampp\\htdocs\\workstat\\vendor\\laravel\\framework\\src\\Illuminate\\Foundation\\Bootstrap\\HandleExceptions.php(210): Illuminate\\Foundation\\Bootstrap\\HandleExceptions->renderHttpResponse(Object(Illuminate\\Contracts\\Container\\BindingResolutionException))
#18 C:\\xampp\\htdocs\\workstat\\vendor\\laravel\\framework\\src\\Illuminate\\Foundation\\Bootstrap\\HandleExceptions.php(270): Illuminate\\Foundation\\Bootstrap\\HandleExceptions->handleException(Object(Illuminate\\Contracts\\Container\\BindingResolutionException))
#19 [internal function]: Illuminate\\Foundation\\Bootstrap\\HandleExceptions->Illuminate\\Foundation\\Bootstrap\\{closure}(Object(Illuminate\\Contracts\\Container\\BindingResolutionException))
#20 {main}

Next Illuminate\\Contracts\\Container\\BindingResolutionException: Target class [view] does not exist. in C:\\xampp\\htdocs\\workstat\\vendor\\laravel\\framework\\src\\Illuminate\\Container\\Container.php:891
Stack trace:
#0 C:\\xampp\\htdocs\\workstat\\vendor\\laravel\\framework\\src\\Illuminate\\Container\\Container.php(770): Illuminate\\Container\\Container->build('view')
#1 C:\\xampp\\htdocs\\workstat\\vendor\\laravel\\framework\\src\\Illuminate\\Foundation\\Application.php(856): Illuminate\\Container\\Container->resolve('view', Array, true)
#2 C:\\xampp\\htdocs\\workstat\\vendor\\laravel\\framework\\src\\Illuminate\\Container\\Container.php(706): Illuminate\\Foundation\\Application->resolve('view', Array)
#3 C:\\xampp\\htdocs\\workstat\\vendor\\laravel\\framework\\src\\Illuminate\\Foundation\\Application.php(841): Illuminate\\Container\\Container->make('view', Array)
#4 C:\\xampp\\htdocs\\workstat\\vendor\\laravel\\framework\\src\\Illuminate\\Container\\Container.php(1431): Illuminate\\Foundation\\Application->make('view')
#5 C:\\xampp\\htdocs\\workstat\\vendor\\laravel\\framework\\src\\Illuminate\\Support\\Facades\\Facade.php(222): Illuminate\\Container\\Container->offsetGet('view')
#6 C:\\xampp\\htdocs\\workstat\\vendor\\laravel\\framework\\src\\Illuminate\\Support\\Facades\\Facade.php(193): Illuminate\\Support\\Facades\\Facade::resolveFacadeInstance('view')
#7 C:\\xampp\\htdocs\\workstat\\vendor\\laravel\\framework\\src\\Illuminate\\Support\\Facades\\Facade.php(332): Illuminate\\Support\\Facades\\Facade::getFacadeRoot()
#8 C:\\xampp\\htdocs\\workstat\\vendor\\laravel\\framework\\src\\Illuminate\\Foundation\\Exceptions\\RegisterErrorViewPaths.php(18): Illuminate\\Support\\Facades\\Facade::__callStatic('replaceNamespac...', Array)
#9 C:\\xampp\\htdocs\\workstat\\vendor\\laravel\\framework\\src\\Illuminate\\Foundation\\Exceptions\\Handler.php(642): Illuminate\\Foundation\\Exceptions\\RegisterErrorViewPaths->__invoke()
#10 C:\\xampp\\htdocs\\workstat\\vendor\\laravel\\framework\\src\\Illuminate\\Foundation\\Exceptions\\Handler.php(623): Illuminate\\Foundation\\Exceptions\\Handler->registerErrorViewPaths()
#11 C:\\xampp\\htdocs\\workstat\\vendor\\laravel\\framework\\src\\Illuminate\\Foundation\\Exceptions\\Handler.php(554): Illuminate\\Foundation\\Exceptions\\Handler->renderHttpException(Object(Symfony\\Component\\HttpKernel\\Exception\\HttpException))
#12 C:\\xampp\\htdocs\\workstat\\vendor\\laravel\\framework\\src\\Illuminate\\Foundation\\Exceptions\\Handler.php(460): Illuminate\\Foundation\\Exceptions\\Handler->prepareResponse(Object(Illuminate\\Http\\Request), Object(Symfony\\Component\\HttpKernel\\Exception\\HttpException))
#13 C:\\xampp\\htdocs\\workstat\\vendor\\laravel\\framework\\src\\Illuminate\\Foundation\\Exceptions\\Handler.php(377): Illuminate\\Foundation\\Exceptions\\Handler->renderExceptionResponse(Object(Illuminate\\Http\\Request), Object(Illuminate\\Contracts\\Container\\BindingResolutionException))
#14 C:\\xampp\\htdocs\\workstat\\app\\Exceptions\\Handler.php(87): Illuminate\\Foundation\\Exceptions\\Handler->render(Object(Illuminate\\Http\\Request), Object(Illuminate\\Contracts\\Container\\BindingResolutionException))
#15 C:\\xampp\\htdocs\\workstat\\vendor\\laravel\\framework\\src\\Illuminate\\Foundation\\Bootstrap\\HandleExceptions.php(233): App\\Exceptions\\Handler->render(Object(Illuminate\\Http\\Request), Object(Illuminate\\Contracts\\Container\\BindingResolutionException))
#16 C:\\xampp\\htdocs\\workstat\\vendor\\laravel\\framework\\src\\Illuminate\\Foundation\\Bootstrap\\HandleExceptions.php(210): Illuminate\\Foundation\\Bootstrap\\HandleExceptions->renderHttpResponse(Object(Illuminate\\Contracts\\Container\\BindingResolutionException))
#17 C:\\xampp\\htdocs\\workstat\\vendor\\laravel\\framework\\src\\Illuminate\\Foundation\\Bootstrap\\HandleExceptions.php(270): Illuminate\\Foundation\\Bootstrap\\HandleExceptions->handleException(Object(Illuminate\\Contracts\\Container\\BindingResolutionException))
#18 [internal function]: Illuminate\\Foundation\\Bootstrap\\HandleExceptions->Illuminate\\Foundation\\Bootstrap\\{closure}(Object(Illuminate\\Contracts\\Container\\BindingResolutionException))
#19 {main}
  thrown at C:\\xampp\\htdocs\\workstat\\vendor\\laravel\\framework\\src\\Illuminate\\Container\\Container.php:891)
[stacktrace]
#0 {main}
"} 
[2023-06-30 12:38:32] codecanyon.ERROR: Class "Froiden\RestAPI\Providers\ApiServiceProvider" not found {"exception":"[object] (Error(code: 0): Class \"Froiden\\RestAPI\\Providers\\ApiServiceProvider\" not found at C:\\xampp\\htdocs\\workstat\\vendor\\laravel\\framework\\src\\Illuminate\\Foundation\\ProviderRepository.php:206)
[stacktrace]
#0 C:\\xampp\\htdocs\\workstat\\vendor\\laravel\\framework\\src\\Illuminate\\Foundation\\ProviderRepository.php(142): Illuminate\\Foundation\\ProviderRepository->createProvider('Froiden\\\\RestAPI...')
#1 C:\\xampp\\htdocs\\workstat\\vendor\\laravel\\framework\\src\\Illuminate\\Foundation\\ProviderRepository.php(61): Illuminate\\Foundation\\ProviderRepository->compileManifest(Array)
#2 C:\\xampp\\htdocs\\workstat\\vendor\\laravel\\framework\\src\\Illuminate\\Foundation\\Application.php(664): Illuminate\\Foundation\\ProviderRepository->load(Array)
#3 C:\\xampp\\htdocs\\workstat\\vendor\\laravel\\framework\\src\\Illuminate\\Foundation\\Bootstrap\\RegisterProviders.php(17): Illuminate\\Foundation\\Application->registerConfiguredProviders()
#4 C:\\xampp\\htdocs\\workstat\\vendor\\laravel\\framework\\src\\Illuminate\\Foundation\\Application.php(242): Illuminate\\Foundation\\Bootstrap\\RegisterProviders->bootstrap(Object(Illuminate\\Foundation\\Application))
#5 C:\\xampp\\htdocs\\workstat\\vendor\\laravel\\framework\\src\\Illuminate\\Foundation\\Http\\Kernel.php(176): Illuminate\\Foundation\\Application->bootstrapWith(Array)
#6 C:\\xampp\\htdocs\\workstat\\vendor\\laravel\\framework\\src\\Illuminate\\Foundation\\Http\\Kernel.php(160): Illuminate\\Foundation\\Http\\Kernel->bootstrap()
#7 C:\\xampp\\htdocs\\workstat\\vendor\\laravel\\framework\\src\\Illuminate\\Foundation\\Http\\Kernel.php(134): Illuminate\\Foundation\\Http\\Kernel->sendRequestThroughRouter(Object(Illuminate\\Http\\Request))
#8 C:\\xampp\\htdocs\\workstat\\public\\index.php(64): Illuminate\\Foundation\\Http\\Kernel->handle(Object(Illuminate\\Http\\Request))
#9 {main}
"} 
[2023-06-30 12:38:32] codecanyon.ERROR: Target class [view] does not exist. {"exception":"[object] (Illuminate\\Contracts\\Container\\BindingResolutionException(code: 0): Target class [view] does not exist. at C:\\xampp\\htdocs\\workstat\\vendor\\laravel\\framework\\src\\Illuminate\\Container\\Container.php:891)
[stacktrace]
#0 C:\\xampp\\htdocs\\workstat\\vendor\\laravel\\framework\\src\\Illuminate\\Container\\Container.php(770): Illuminate\\Container\\Container->build('view')
#1 C:\\xampp\\htdocs\\workstat\\vendor\\laravel\\framework\\src\\Illuminate\\Foundation\\Application.php(856): Illuminate\\Container\\Container->resolve('view', Array, true)
#2 C:\\xampp\\htdocs\\workstat\\vendor\\laravel\\framework\\src\\Illuminate\\Container\\Container.php(706): Illuminate\\Foundation\\Application->resolve('view', Array)
#3 C:\\xampp\\htdocs\\workstat\\vendor\\laravel\\framework\\src\\Illuminate\\Foundation\\Application.php(841): Illuminate\\Container\\Container->make('view', Array)
#4 C:\\xampp\\htdocs\\workstat\\vendor\\laravel\\framework\\src\\Illuminate\\Container\\Container.php(1431): Illuminate\\Foundation\\Application->make('view')
#5 C:\\xampp\\htdocs\\workstat\\vendor\\laravel\\framework\\src\\Illuminate\\Support\\Facades\\Facade.php(222): Illuminate\\Container\\Container->offsetGet('view')
#6 C:\\xampp\\htdocs\\workstat\\vendor\\laravel\\framework\\src\\Illuminate\\Support\\Facades\\Facade.php(193): Illuminate\\Support\\Facades\\Facade::resolveFacadeInstance('view')
#7 C:\\xampp\\htdocs\\workstat\\vendor\\laravel\\framework\\src\\Illuminate\\Support\\Facades\\Facade.php(332): Illuminate\\Support\\Facades\\Facade::getFacadeRoot()
#8 C:\\xampp\\htdocs\\workstat\\vendor\\laravel\\framework\\src\\Illuminate\\Foundation\\Exceptions\\RegisterErrorViewPaths.php(18): Illuminate\\Support\\Facades\\Facade::__callStatic('replaceNamespac...', Array)
#9 C:\\xampp\\htdocs\\workstat\\vendor\\laravel\\framework\\src\\Illuminate\\Foundation\\Exceptions\\Handler.php(642): Illuminate\\Foundation\\Exceptions\\RegisterErrorViewPaths->__invoke()
#10 C:\\xampp\\htdocs\\workstat\\vendor\\laravel\\framework\\src\\Illuminate\\Foundation\\Exceptions\\Handler.php(623): Illuminate\\Foundation\\Exceptions\\Handler->registerErrorViewPaths()
#11 C:\\xampp\\htdocs\\workstat\\vendor\\laravel\\framework\\src\\Illuminate\\Foundation\\Exceptions\\Handler.php(554): Illuminate\\Foundation\\Exceptions\\Handler->renderHttpException(Object(Symfony\\Component\\HttpKernel\\Exception\\HttpException))
#12 C:\\xampp\\htdocs\\workstat\\vendor\\laravel\\framework\\src\\Illuminate\\Foundation\\Exceptions\\Handler.php(460): Illuminate\\Foundation\\Exceptions\\Handler->prepareResponse(Object(Illuminate\\Http\\Request), Object(Symfony\\Component\\HttpKernel\\Exception\\HttpException))
#13 C:\\xampp\\htdocs\\workstat\\vendor\\laravel\\framework\\src\\Illuminate\\Foundation\\Exceptions\\Handler.php(377): Illuminate\\Foundation\\Exceptions\\Handler->renderExceptionResponse(Object(Illuminate\\Http\\Request), Object(Error))
#14 C:\\xampp\\htdocs\\workstat\\app\\Exceptions\\Handler.php(87): Illuminate\\Foundation\\Exceptions\\Handler->render(Object(Illuminate\\Http\\Request), Object(Error))
#15 C:\\xampp\\htdocs\\workstat\\vendor\\laravel\\framework\\src\\Illuminate\\Foundation\\Http\\Kernel.php(493): App\\Exceptions\\Handler->render(Object(Illuminate\\Http\\Request), Object(Error))
#16 C:\\xampp\\htdocs\\workstat\\vendor\\laravel\\framework\\src\\Illuminate\\Foundation\\Http\\Kernel.php(138): Illuminate\\Foundation\\Http\\Kernel->renderException(Object(Illuminate\\Http\\Request), Object(Error))
#17 C:\\xampp\\htdocs\\workstat\\public\\index.php(64): Illuminate\\Foundation\\Http\\Kernel->handle(Object(Illuminate\\Http\\Request))
#18 {main}

[previous exception] [object] (ReflectionException(code: -1): Class \"view\" does not exist at C:\\xampp\\htdocs\\workstat\\vendor\\laravel\\framework\\src\\Illuminate\\Container\\Container.php:889)
[stacktrace]
#0 C:\\xampp\\htdocs\\workstat\\vendor\\laravel\\framework\\src\\Illuminate\\Container\\Container.php(889): ReflectionClass->__construct('view')
#1 C:\\xampp\\htdocs\\workstat\\vendor\\laravel\\framework\\src\\Illuminate\\Container\\Container.php(770): Illuminate\\Container\\Container->build('view')
#2 C:\\xampp\\htdocs\\workstat\\vendor\\laravel\\framework\\src\\Illuminate\\Foundation\\Application.php(856): Illuminate\\Container\\Container->resolve('view', Array, true)
#3 C:\\xampp\\htdocs\\workstat\\vendor\\laravel\\framework\\src\\Illuminate\\Container\\Container.php(706): Illuminate\\Foundation\\Application->resolve('view', Array)
#4 C:\\xampp\\htdocs\\workstat\\vendor\\laravel\\framework\\src\\Illuminate\\Foundation\\Application.php(841): Illuminate\\Container\\Container->make('view', Array)
#5 C:\\xampp\\htdocs\\workstat\\vendor\\laravel\\framework\\src\\Illuminate\\Container\\Container.php(1431): Illuminate\\Foundation\\Application->make('view')
#6 C:\\xampp\\htdocs\\workstat\\vendor\\laravel\\framework\\src\\Illuminate\\Support\\Facades\\Facade.php(222): Illuminate\\Container\\Container->offsetGet('view')
#7 C:\\xampp\\htdocs\\workstat\\vendor\\laravel\\framework\\src\\Illuminate\\Support\\Facades\\Facade.php(193): Illuminate\\Support\\Facades\\Facade::resolveFacadeInstance('view')
#8 C:\\xampp\\htdocs\\workstat\\vendor\\laravel\\framework\\src\\Illuminate\\Support\\Facades\\Facade.php(332): Illuminate\\Support\\Facades\\Facade::getFacadeRoot()
#9 C:\\xampp\\htdocs\\workstat\\vendor\\laravel\\framework\\src\\Illuminate\\Foundation\\Exceptions\\RegisterErrorViewPaths.php(18): Illuminate\\Support\\Facades\\Facade::__callStatic('replaceNamespac...', Array)
#10 C:\\xampp\\htdocs\\workstat\\vendor\\laravel\\framework\\src\\Illuminate\\Foundation\\Exceptions\\Handler.php(642): Illuminate\\Foundation\\Exceptions\\RegisterErrorViewPaths->__invoke()
#11 C:\\xampp\\htdocs\\workstat\\vendor\\laravel\\framework\\src\\Illuminate\\Foundation\\Exceptions\\Handler.php(623): Illuminate\\Foundation\\Exceptions\\Handler->registerErrorViewPaths()
#12 C:\\xampp\\htdocs\\workstat\\vendor\\laravel\\framework\\src\\Illuminate\\Foundation\\Exceptions\\Handler.php(554): Illuminate\\Foundation\\Exceptions\\Handler->renderHttpException(Object(Symfony\\Component\\HttpKernel\\Exception\\HttpException))
#13 C:\\xampp\\htdocs\\workstat\\vendor\\laravel\\framework\\src\\Illuminate\\Foundation\\Exceptions\\Handler.php(460): Illuminate\\Foundation\\Exceptions\\Handler->prepareResponse(Object(Illuminate\\Http\\Request), Object(Symfony\\Component\\HttpKernel\\Exception\\HttpException))
#14 C:\\xampp\\htdocs\\workstat\\vendor\\laravel\\framework\\src\\Illuminate\\Foundation\\Exceptions\\Handler.php(377): Illuminate\\Foundation\\Exceptions\\Handler->renderExceptionResponse(Object(Illuminate\\Http\\Request), Object(Error))
#15 C:\\xampp\\htdocs\\workstat\\app\\Exceptions\\Handler.php(87): Illuminate\\Foundation\\Exceptions\\Handler->render(Object(Illuminate\\Http\\Request), Object(Error))
#16 C:\\xampp\\htdocs\\workstat\\vendor\\laravel\\framework\\src\\Illuminate\\Foundation\\Http\\Kernel.php(493): App\\Exceptions\\Handler->render(Object(Illuminate\\Http\\Request), Object(Error))
#17 C:\\xampp\\htdocs\\workstat\\vendor\\laravel\\framework\\src\\Illuminate\\Foundation\\Http\\Kernel.php(138): Illuminate\\Foundation\\Http\\Kernel->renderException(Object(Illuminate\\Http\\Request), Object(Error))
#18 C:\\xampp\\htdocs\\workstat\\public\\index.php(64): Illuminate\\Foundation\\Http\\Kernel->handle(Object(Illuminate\\Http\\Request))
#19 {main}
"} 
[2023-06-30 12:38:32] codecanyon.ERROR: Uncaught ReflectionException: Class "view" does not exist in C:\xampp\htdocs\workstat\vendor\laravel\framework\src\Illuminate\Container\Container.php:889
Stack trace:
#0 C:\xampp\htdocs\workstat\vendor\laravel\framework\src\Illuminate\Container\Container.php(889): ReflectionClass->__construct('view')
#1 C:\xampp\htdocs\workstat\vendor\laravel\framework\src\Illuminate\Container\Container.php(770): Illuminate\Container\Container->build('view')
#2 C:\xampp\htdocs\workstat\vendor\laravel\framework\src\Illuminate\Foundation\Application.php(856): Illuminate\Container\Container->resolve('view', Array, true)
#3 C:\xampp\htdocs\workstat\vendor\laravel\framework\src\Illuminate\Container\Container.php(706): Illuminate\Foundation\Application->resolve('view', Array)
#4 C:\xampp\htdocs\workstat\vendor\laravel\framework\src\Illuminate\Foundation\Application.php(841): Illuminate\Container\Container->make('view', Array)
#5 C:\xampp\htdocs\workstat\vendor\laravel\framework\src\Illuminate\Container\Container.php(1431): Illuminate\Foundation\Application->make('view')
#6 C:\xampp\htdocs\workstat\vendor\laravel\framework\src\Illuminate\Support\Facades\Facade.php(222): Illuminate\Container\Container->offsetGet('view')
#7 C:\xampp\htdocs\workstat\vendor\laravel\framework\src\Illuminate\Support\Facades\Facade.php(193): Illuminate\Support\Facades\Facade::resolveFacadeInstance('view')
#8 C:\xampp\htdocs\workstat\vendor\laravel\framework\src\Illuminate\Support\Facades\Facade.php(332): Illuminate\Support\Facades\Facade::getFacadeRoot()
#9 C:\xampp\htdocs\workstat\vendor\laravel\framework\src\Illuminate\Foundation\Exceptions\RegisterErrorViewPaths.php(18): Illuminate\Support\Facades\Facade::__callStatic('replaceNamespac...', Array)
#10 C:\xampp\htdocs\workstat\vendor\laravel\framework\src\Illuminate\Foundation\Exceptions\Handler.php(642): Illuminate\Foundation\Exceptions\RegisterErrorViewPaths->__invoke()
#11 C:\xampp\htdocs\workstat\vendor\laravel\framework\src\Illuminate\Foundation\Exceptions\Handler.php(623): Illuminate\Foundation\Exceptions\Handler->registerErrorViewPaths()
#12 C:\xampp\htdocs\workstat\vendor\laravel\framework\src\Illuminate\Foundation\Exceptions\Handler.php(554): Illuminate\Foundation\Exceptions\Handler->renderHttpException(Object(Symfony\Component\HttpKernel\Exception\HttpException))
#13 C:\xampp\htdocs\workstat\vendor\laravel\framework\src\Illuminate\Foundation\Exceptions\Handler.php(460): Illuminate\Foundation\Exceptions\Handler->prepareResponse(Object(Illuminate\Http\Request), Object(Symfony\Component\HttpKernel\Exception\HttpException))
#14 C:\xampp\htdocs\workstat\vendor\laravel\framework\src\Illuminate\Foundation\Exceptions\Handler.php(377): Illuminate\Foundation\Exceptions\Handler->renderExceptionResponse(Object(Illuminate\Http\Request), Object(Illuminate\Contracts\Container\BindingResolutionException))
#15 C:\xampp\htdocs\workstat\app\Exceptions\Handler.php(87): Illuminate\Foundation\Exceptions\Handler->render(Object(Illuminate\Http\Request), Object(Illuminate\Contracts\Container\BindingResolutionException))
#16 C:\xampp\htdocs\workstat\vendor\laravel\framework\src\Illuminate\Foundation\Bootstrap\HandleExceptions.php(233): App\Exceptions\Handler->render(Object(Illuminate\Http\Request), Object(Illuminate\Contracts\Container\BindingResolutionException))
#17 C:\xampp\htdocs\workstat\vendor\laravel\framework\src\Illuminate\Foundation\Bootstrap\HandleExceptions.php(210): Illuminate\Foundation\Bootstrap\HandleExceptions->renderHttpResponse(Object(Illuminate\Contracts\Container\BindingResolutionException))
#18 C:\xampp\htdocs\workstat\vendor\laravel\framework\src\Illuminate\Foundation\Bootstrap\HandleExceptions.php(270): Illuminate\Foundation\Bootstrap\HandleExceptions->handleException(Object(Illuminate\Contracts\Container\BindingResolutionException))
#19 [internal function]: Illuminate\Foundation\Bootstrap\HandleExceptions->Illuminate\Foundation\Bootstrap\{closure}(Object(Illuminate\Contracts\Container\BindingResolutionException))
#20 {main}

Next Illuminate\Contracts\Container\BindingResolutionException: Target class [view] does not exist. in C:\xampp\htdocs\workstat\vendor\laravel\framework\src\Illuminate\Container\Container.php:891
Stack trace:
#0 C:\xampp\htdocs\workstat\vendor\laravel\framework\src\Illuminate\Container\Container.php(770): Illuminate\Container\Container->build('view')
#1 C:\xampp\htdocs\workstat\vendor\laravel\framework\src\Illuminate\Foundation\Application.php(856): Illuminate\Container\Container->resolve('view', Array, true)
#2 C:\xampp\htdocs\workstat\vendor\laravel\framework\src\Illuminate\Container\Container.php(706): Illuminate\Foundation\Application->resolve('view', Array)
#3 C:\xampp\htdocs\workstat\vendor\laravel\framework\src\Illuminate\Foundation\Application.php(841): Illuminate\Container\Container->make('view', Array)
#4 C:\xampp\htdocs\workstat\vendor\laravel\framework\src\Illuminate\Container\Container.php(1431): Illuminate\Foundation\Application->make('view')
#5 C:\xampp\htdocs\workstat\vendor\laravel\framework\src\Illuminate\Support\Facades\Facade.php(222): Illuminate\Container\Container->offsetGet('view')
#6 C:\xampp\htdocs\workstat\vendor\laravel\framework\src\Illuminate\Support\Facades\Facade.php(193): Illuminate\Support\Facades\Facade::resolveFacadeInstance('view')
#7 C:\xampp\htdocs\workstat\vendor\laravel\framework\src\Illuminate\Support\Facades\Facade.php(332): Illuminate\Support\Facades\Facade::getFacadeRoot()
#8 C:\xampp\htdocs\workstat\vendor\laravel\framework\src\Illuminate\Foundation\Exceptions\RegisterErrorViewPaths.php(18): Illuminate\Support\Facades\Facade::__callStatic('replaceNamespac...', Array)
#9 C:\xampp\htdocs\workstat\vendor\laravel\framework\src\Illuminate\Foundation\Exceptions\Handler.php(642): Illuminate\Foundation\Exceptions\RegisterErrorViewPaths->__invoke()
#10 C:\xampp\htdocs\workstat\vendor\laravel\framework\src\Illuminate\Foundation\Exceptions\Handler.php(623): Illuminate\Foundation\Exceptions\Handler->registerErrorViewPaths()
#11 C:\xampp\htdocs\workstat\vendor\laravel\framework\src\Illuminate\Foundation\Exceptions\Handler.php(554): Illuminate\Foundation\Exceptions\Handler->renderHttpException(Object(Symfony\Component\HttpKernel\Exception\HttpException))
#12 C:\xampp\htdocs\workstat\vendor\laravel\framework\src\Illuminate\Foundation\Exceptions\Handler.php(460): Illuminate\Foundation\Exceptions\Handler->prepareResponse(Object(Illuminate\Http\Request), Object(Symfony\Component\HttpKernel\Exception\HttpException))
#13 C:\xampp\htdocs\workstat\vendor\laravel\framework\src\Illuminate\Foundation\Exceptions\Handler.php(377): Illuminate\Foundation\Exceptions\Handler->renderExceptionResponse(Object(Illuminate\Http\Request), Object(Illuminate\Contracts\Container\BindingResolutionException))
#14 C:\xampp\htdocs\workstat\app\Exceptions\Handler.php(87): Illuminate\Foundation\Exceptions\Handler->render(Object(Illuminate\Http\Request), Object(Illuminate\Contracts\Container\BindingResolutionException))
#15 C:\xampp\htdocs\workstat\vendor\laravel\framework\src\Illuminate\Foundation\Bootstrap\HandleExceptions.php(233): App\Exceptions\Handler->render(Object(Illuminate\Http\Request), Object(Illuminate\Contracts\Container\BindingResolutionException))
#16 C:\xampp\htdocs\workstat\vendor\laravel\framework\src\Illuminate\Foundation\Bootstrap\HandleExceptions.php(210): Illuminate\Foundation\Bootstrap\HandleExceptions->renderHttpResponse(Object(Illuminate\Contracts\Container\BindingResolutionException))
#17 C:\xampp\htdocs\workstat\vendor\laravel\framework\src\Illuminate\Foundation\Bootstrap\HandleExceptions.php(270): Illuminate\Foundation\Bootstrap\HandleExceptions->handleException(Object(Illuminate\Contracts\Container\BindingResolutionException))
#18 [internal function]: Illuminate\Foundation\Bootstrap\HandleExceptions->Illuminate\Foundation\Bootstrap\{closure}(Object(Illuminate\Contracts\Container\BindingResolutionException))
#19 {main}
  thrown {"exception":"[object] (Symfony\\Component\\ErrorHandler\\Error\\FatalError(code: 0): Uncaught ReflectionException: Class \"view\" does not exist in C:\\xampp\\htdocs\\workstat\\vendor\\laravel\\framework\\src\\Illuminate\\Container\\Container.php:889
Stack trace:
#0 C:\\xampp\\htdocs\\workstat\\vendor\\laravel\\framework\\src\\Illuminate\\Container\\Container.php(889): ReflectionClass->__construct('view')
#1 C:\\xampp\\htdocs\\workstat\\vendor\\laravel\\framework\\src\\Illuminate\\Container\\Container.php(770): Illuminate\\Container\\Container->build('view')
#2 C:\\xampp\\htdocs\\workstat\\vendor\\laravel\\framework\\src\\Illuminate\\Foundation\\Application.php(856): Illuminate\\Container\\Container->resolve('view', Array, true)
#3 C:\\xampp\\htdocs\\workstat\\vendor\\laravel\\framework\\src\\Illuminate\\Container\\Container.php(706): Illuminate\\Foundation\\Application->resolve('view', Array)
#4 C:\\xampp\\htdocs\\workstat\\vendor\\laravel\\framework\\src\\Illuminate\\Foundation\\Application.php(841): Illuminate\\Container\\Container->make('view', Array)
#5 C:\\xampp\\htdocs\\workstat\\vendor\\laravel\\framework\\src\\Illuminate\\Container\\Container.php(1431): Illuminate\\Foundation\\Application->make('view')
#6 C:\\xampp\\htdocs\\workstat\\vendor\\laravel\\framework\\src\\Illuminate\\Support\\Facades\\Facade.php(222): Illuminate\\Container\\Container->offsetGet('view')
#7 C:\\xampp\\htdocs\\workstat\\vendor\\laravel\\framework\\src\\Illuminate\\Support\\Facades\\Facade.php(193): Illuminate\\Support\\Facades\\Facade::resolveFacadeInstance('view')
#8 C:\\xampp\\htdocs\\workstat\\vendor\\laravel\\framework\\src\\Illuminate\\Support\\Facades\\Facade.php(332): Illuminate\\Support\\Facades\\Facade::getFacadeRoot()
#9 C:\\xampp\\htdocs\\workstat\\vendor\\laravel\\framework\\src\\Illuminate\\Foundation\\Exceptions\\RegisterErrorViewPaths.php(18): Illuminate\\Support\\Facades\\Facade::__callStatic('replaceNamespac...', Array)
#10 C:\\xampp\\htdocs\\workstat\\vendor\\laravel\\framework\\src\\Illuminate\\Foundation\\Exceptions\\Handler.php(642): Illuminate\\Foundation\\Exceptions\\RegisterErrorViewPaths->__invoke()
#11 C:\\xampp\\htdocs\\workstat\\vendor\\laravel\\framework\\src\\Illuminate\\Foundation\\Exceptions\\Handler.php(623): Illuminate\\Foundation\\Exceptions\\Handler->registerErrorViewPaths()
#12 C:\\xampp\\htdocs\\workstat\\vendor\\laravel\\framework\\src\\Illuminate\\Foundation\\Exceptions\\Handler.php(554): Illuminate\\Foundation\\Exceptions\\Handler->renderHttpException(Object(Symfony\\Component\\HttpKernel\\Exception\\HttpException))
#13 C:\\xampp\\htdocs\\workstat\\vendor\\laravel\\framework\\src\\Illuminate\\Foundation\\Exceptions\\Handler.php(460): Illuminate\\Foundation\\Exceptions\\Handler->prepareResponse(Object(Illuminate\\Http\\Request), Object(Symfony\\Component\\HttpKernel\\Exception\\HttpException))
#14 C:\\xampp\\htdocs\\workstat\\vendor\\laravel\\framework\\src\\Illuminate\\Foundation\\Exceptions\\Handler.php(377): Illuminate\\Foundation\\Exceptions\\Handler->renderExceptionResponse(Object(Illuminate\\Http\\Request), Object(Illuminate\\Contracts\\Container\\BindingResolutionException))
#15 C:\\xampp\\htdocs\\workstat\\app\\Exceptions\\Handler.php(87): Illuminate\\Foundation\\Exceptions\\Handler->render(Object(Illuminate\\Http\\Request), Object(Illuminate\\Contracts\\Container\\BindingResolutionException))
#16 C:\\xampp\\htdocs\\workstat\\vendor\\laravel\\framework\\src\\Illuminate\\Foundation\\Bootstrap\\HandleExceptions.php(233): App\\Exceptions\\Handler->render(Object(Illuminate\\Http\\Request), Object(Illuminate\\Contracts\\Container\\BindingResolutionException))
#17 C:\\xampp\\htdocs\\workstat\\vendor\\laravel\\framework\\src\\Illuminate\\Foundation\\Bootstrap\\HandleExceptions.php(210): Illuminate\\Foundation\\Bootstrap\\HandleExceptions->renderHttpResponse(Object(Illuminate\\Contracts\\Container\\BindingResolutionException))
#18 C:\\xampp\\htdocs\\workstat\\vendor\\laravel\\framework\\src\\Illuminate\\Foundation\\Bootstrap\\HandleExceptions.php(270): Illuminate\\Foundation\\Bootstrap\\HandleExceptions->handleException(Object(Illuminate\\Contracts\\Container\\BindingResolutionException))
#19 [internal function]: Illuminate\\Foundation\\Bootstrap\\HandleExceptions->Illuminate\\Foundation\\Bootstrap\\{closure}(Object(Illuminate\\Contracts\\Container\\BindingResolutionException))
#20 {main}

Next Illuminate\\Contracts\\Container\\BindingResolutionException: Target class [view] does not exist. in C:\\xampp\\htdocs\\workstat\\vendor\\laravel\\framework\\src\\Illuminate\\Container\\Container.php:891
Stack trace:
#0 C:\\xampp\\htdocs\\workstat\\vendor\\laravel\\framework\\src\\Illuminate\\Container\\Container.php(770): Illuminate\\Container\\Container->build('view')
#1 C:\\xampp\\htdocs\\workstat\\vendor\\laravel\\framework\\src\\Illuminate\\Foundation\\Application.php(856): Illuminate\\Container\\Container->resolve('view', Array, true)
#2 C:\\xampp\\htdocs\\workstat\\vendor\\laravel\\framework\\src\\Illuminate\\Container\\Container.php(706): Illuminate\\Foundation\\Application->resolve('view', Array)
#3 C:\\xampp\\htdocs\\workstat\\vendor\\laravel\\framework\\src\\Illuminate\\Foundation\\Application.php(841): Illuminate\\Container\\Container->make('view', Array)
#4 C:\\xampp\\htdocs\\workstat\\vendor\\laravel\\framework\\src\\Illuminate\\Container\\Container.php(1431): Illuminate\\Foundation\\Application->make('view')
#5 C:\\xampp\\htdocs\\workstat\\vendor\\laravel\\framework\\src\\Illuminate\\Support\\Facades\\Facade.php(222): Illuminate\\Container\\Container->offsetGet('view')
#6 C:\\xampp\\htdocs\\workstat\\vendor\\laravel\\framework\\src\\Illuminate\\Support\\Facades\\Facade.php(193): Illuminate\\Support\\Facades\\Facade::resolveFacadeInstance('view')
#7 C:\\xampp\\htdocs\\workstat\\vendor\\laravel\\framework\\src\\Illuminate\\Support\\Facades\\Facade.php(332): Illuminate\\Support\\Facades\\Facade::getFacadeRoot()
#8 C:\\xampp\\htdocs\\workstat\\vendor\\laravel\\framework\\src\\Illuminate\\Foundation\\Exceptions\\RegisterErrorViewPaths.php(18): Illuminate\\Support\\Facades\\Facade::__callStatic('replaceNamespac...', Array)
#9 C:\\xampp\\htdocs\\workstat\\vendor\\laravel\\framework\\src\\Illuminate\\Foundation\\Exceptions\\Handler.php(642): Illuminate\\Foundation\\Exceptions\\RegisterErrorViewPaths->__invoke()
#10 C:\\xampp\\htdocs\\workstat\\vendor\\laravel\\framework\\src\\Illuminate\\Foundation\\Exceptions\\Handler.php(623): Illuminate\\Foundation\\Exceptions\\Handler->registerErrorViewPaths()
#11 C:\\xampp\\htdocs\\workstat\\vendor\\laravel\\framework\\src\\Illuminate\\Foundation\\Exceptions\\Handler.php(554): Illuminate\\Foundation\\Exceptions\\Handler->renderHttpException(Object(Symfony\\Component\\HttpKernel\\Exception\\HttpException))
#12 C:\\xampp\\htdocs\\workstat\\vendor\\laravel\\framework\\src\\Illuminate\\Foundation\\Exceptions\\Handler.php(460): Illuminate\\Foundation\\Exceptions\\Handler->prepareResponse(Object(Illuminate\\Http\\Request), Object(Symfony\\Component\\HttpKernel\\Exception\\HttpException))
#13 C:\\xampp\\htdocs\\workstat\\vendor\\laravel\\framework\\src\\Illuminate\\Foundation\\Exceptions\\Handler.php(377): Illuminate\\Foundation\\Exceptions\\Handler->renderExceptionResponse(Object(Illuminate\\Http\\Request), Object(Illuminate\\Contracts\\Container\\BindingResolutionException))
#14 C:\\xampp\\htdocs\\workstat\\app\\Exceptions\\Handler.php(87): Illuminate\\Foundation\\Exceptions\\Handler->render(Object(Illuminate\\Http\\Request), Object(Illuminate\\Contracts\\Container\\BindingResolutionException))
#15 C:\\xampp\\htdocs\\workstat\\vendor\\laravel\\framework\\src\\Illuminate\\Foundation\\Bootstrap\\HandleExceptions.php(233): App\\Exceptions\\Handler->render(Object(Illuminate\\Http\\Request), Object(Illuminate\\Contracts\\Container\\BindingResolutionException))
#16 C:\\xampp\\htdocs\\workstat\\vendor\\laravel\\framework\\src\\Illuminate\\Foundation\\Bootstrap\\HandleExceptions.php(210): Illuminate\\Foundation\\Bootstrap\\HandleExceptions->renderHttpResponse(Object(Illuminate\\Contracts\\Container\\BindingResolutionException))
#17 C:\\xampp\\htdocs\\workstat\\vendor\\laravel\\framework\\src\\Illuminate\\Foundation\\Bootstrap\\HandleExceptions.php(270): Illuminate\\Foundation\\Bootstrap\\HandleExceptions->handleException(Object(Illuminate\\Contracts\\Container\\BindingResolutionException))
#18 [internal function]: Illuminate\\Foundation\\Bootstrap\\HandleExceptions->Illuminate\\Foundation\\Bootstrap\\{closure}(Object(Illuminate\\Contracts\\Container\\BindingResolutionException))
#19 {main}
  thrown at C:\\xampp\\htdocs\\workstat\\vendor\\laravel\\framework\\src\\Illuminate\\Container\\Container.php:891)
[stacktrace]
#0 {main}
"} 
[2023-06-30 13:10:12] codecanyon.ERROR: Class "Froiden\RestAPI\Providers\ApiServiceProvider" not found {"exception":"[object] (Error(code: 0): Class \"Froiden\\RestAPI\\Providers\\ApiServiceProvider\" not found at C:\\xampp\\htdocs\\workstat\\vendor\\laravel\\framework\\src\\Illuminate\\Foundation\\ProviderRepository.php:206)
[stacktrace]
#0 C:\\xampp\\htdocs\\workstat\\vendor\\laravel\\framework\\src\\Illuminate\\Foundation\\ProviderRepository.php(142): Illuminate\\Foundation\\ProviderRepository->createProvider('Froiden\\\\RestAPI...')
#1 C:\\xampp\\htdocs\\workstat\\vendor\\laravel\\framework\\src\\Illuminate\\Foundation\\ProviderRepository.php(61): Illuminate\\Foundation\\ProviderRepository->compileManifest(Array)
#2 C:\\xampp\\htdocs\\workstat\\vendor\\laravel\\framework\\src\\Illuminate\\Foundation\\Application.php(664): Illuminate\\Foundation\\ProviderRepository->load(Array)
#3 C:\\xampp\\htdocs\\workstat\\vendor\\laravel\\framework\\src\\Illuminate\\Foundation\\Bootstrap\\RegisterProviders.php(17): Illuminate\\Foundation\\Application->registerConfiguredProviders()
#4 C:\\xampp\\htdocs\\workstat\\vendor\\laravel\\framework\\src\\Illuminate\\Foundation\\Application.php(242): Illuminate\\Foundation\\Bootstrap\\RegisterProviders->bootstrap(Object(Illuminate\\Foundation\\Application))
#5 C:\\xampp\\htdocs\\workstat\\vendor\\laravel\\framework\\src\\Illuminate\\Foundation\\Http\\Kernel.php(176): Illuminate\\Foundation\\Application->bootstrapWith(Array)
#6 C:\\xampp\\htdocs\\workstat\\vendor\\laravel\\framework\\src\\Illuminate\\Foundation\\Http\\Kernel.php(160): Illuminate\\Foundation\\Http\\Kernel->bootstrap()
#7 C:\\xampp\\htdocs\\workstat\\vendor\\laravel\\framework\\src\\Illuminate\\Foundation\\Http\\Kernel.php(134): Illuminate\\Foundation\\Http\\Kernel->sendRequestThroughRouter(Object(Illuminate\\Http\\Request))
#8 C:\\xampp\\htdocs\\workstat\\public\\index.php(64): Illuminate\\Foundation\\Http\\Kernel->handle(Object(Illuminate\\Http\\Request))
#9 {main}
"} 
[2023-06-30 13:10:12] codecanyon.ERROR: Target class [view] does not exist. {"exception":"[object] (Illuminate\\Contracts\\Container\\BindingResolutionException(code: 0): Target class [view] does not exist. at C:\\xampp\\htdocs\\workstat\\vendor\\laravel\\framework\\src\\Illuminate\\Container\\Container.php:891)
[stacktrace]
#0 C:\\xampp\\htdocs\\workstat\\vendor\\laravel\\framework\\src\\Illuminate\\Container\\Container.php(770): Illuminate\\Container\\Container->build('view')
#1 C:\\xampp\\htdocs\\workstat\\vendor\\laravel\\framework\\src\\Illuminate\\Foundation\\Application.php(856): Illuminate\\Container\\Container->resolve('view', Array, true)
#2 C:\\xampp\\htdocs\\workstat\\vendor\\laravel\\framework\\src\\Illuminate\\Container\\Container.php(706): Illuminate\\Foundation\\Application->resolve('view', Array)
#3 C:\\xampp\\htdocs\\workstat\\vendor\\laravel\\framework\\src\\Illuminate\\Foundation\\Application.php(841): Illuminate\\Container\\Container->make('view', Array)
#4 C:\\xampp\\htdocs\\workstat\\vendor\\laravel\\framework\\src\\Illuminate\\Container\\Container.php(1431): Illuminate\\Foundation\\Application->make('view')
#5 C:\\xampp\\htdocs\\workstat\\vendor\\laravel\\framework\\src\\Illuminate\\Support\\Facades\\Facade.php(222): Illuminate\\Container\\Container->offsetGet('view')
#6 C:\\xampp\\htdocs\\workstat\\vendor\\laravel\\framework\\src\\Illuminate\\Support\\Facades\\Facade.php(193): Illuminate\\Support\\Facades\\Facade::resolveFacadeInstance('view')
#7 C:\\xampp\\htdocs\\workstat\\vendor\\laravel\\framework\\src\\Illuminate\\Support\\Facades\\Facade.php(332): Illuminate\\Support\\Facades\\Facade::getFacadeRoot()
#8 C:\\xampp\\htdocs\\workstat\\vendor\\laravel\\framework\\src\\Illuminate\\Foundation\\Exceptions\\RegisterErrorViewPaths.php(18): Illuminate\\Support\\Facades\\Facade::__callStatic('replaceNamespac...', Array)
#9 C:\\xampp\\htdocs\\workstat\\vendor\\laravel\\framework\\src\\Illuminate\\Foundation\\Exceptions\\Handler.php(642): Illuminate\\Foundation\\Exceptions\\RegisterErrorViewPaths->__invoke()
#10 C:\\xampp\\htdocs\\workstat\\vendor\\laravel\\framework\\src\\Illuminate\\Foundation\\Exceptions\\Handler.php(623): Illuminate\\Foundation\\Exceptions\\Handler->registerErrorViewPaths()
#11 C:\\xampp\\htdocs\\workstat\\vendor\\laravel\\framework\\src\\Illuminate\\Foundation\\Exceptions\\Handler.php(554): Illuminate\\Foundation\\Exceptions\\Handler->renderHttpException(Object(Symfony\\Component\\HttpKernel\\Exception\\HttpException))
#12 C:\\xampp\\htdocs\\workstat\\vendor\\laravel\\framework\\src\\Illuminate\\Foundation\\Exceptions\\Handler.php(460): Illuminate\\Foundation\\Exceptions\\Handler->prepareResponse(Object(Illuminate\\Http\\Request), Object(Symfony\\Component\\HttpKernel\\Exception\\HttpException))
#13 C:\\xampp\\htdocs\\workstat\\vendor\\laravel\\framework\\src\\Illuminate\\Foundation\\Exceptions\\Handler.php(377): Illuminate\\Foundation\\Exceptions\\Handler->renderExceptionResponse(Object(Illuminate\\Http\\Request), Object(Error))
#14 C:\\xampp\\htdocs\\workstat\\app\\Exceptions\\Handler.php(87): Illuminate\\Foundation\\Exceptions\\Handler->render(Object(Illuminate\\Http\\Request), Object(Error))
#15 C:\\xampp\\htdocs\\workstat\\vendor\\laravel\\framework\\src\\Illuminate\\Foundation\\Http\\Kernel.php(493): App\\Exceptions\\Handler->render(Object(Illuminate\\Http\\Request), Object(Error))
#16 C:\\xampp\\htdocs\\workstat\\vendor\\laravel\\framework\\src\\Illuminate\\Foundation\\Http\\Kernel.php(138): Illuminate\\Foundation\\Http\\Kernel->renderException(Object(Illuminate\\Http\\Request), Object(Error))
#17 C:\\xampp\\htdocs\\workstat\\public\\index.php(64): Illuminate\\Foundation\\Http\\Kernel->handle(Object(Illuminate\\Http\\Request))
#18 {main}

[previous exception] [object] (ReflectionException(code: -1): Class \"view\" does not exist at C:\\xampp\\htdocs\\workstat\\vendor\\laravel\\framework\\src\\Illuminate\\Container\\Container.php:889)
[stacktrace]
#0 C:\\xampp\\htdocs\\workstat\\vendor\\laravel\\framework\\src\\Illuminate\\Container\\Container.php(889): ReflectionClass->__construct('view')
#1 C:\\xampp\\htdocs\\workstat\\vendor\\laravel\\framework\\src\\Illuminate\\Container\\Container.php(770): Illuminate\\Container\\Container->build('view')
#2 C:\\xampp\\htdocs\\workstat\\vendor\\laravel\\framework\\src\\Illuminate\\Foundation\\Application.php(856): Illuminate\\Container\\Container->resolve('view', Array, true)
#3 C:\\xampp\\htdocs\\workstat\\vendor\\laravel\\framework\\src\\Illuminate\\Container\\Container.php(706): Illuminate\\Foundation\\Application->resolve('view', Array)
#4 C:\\xampp\\htdocs\\workstat\\vendor\\laravel\\framework\\src\\Illuminate\\Foundation\\Application.php(841): Illuminate\\Container\\Container->make('view', Array)
#5 C:\\xampp\\htdocs\\workstat\\vendor\\laravel\\framework\\src\\Illuminate\\Container\\Container.php(1431): Illuminate\\Foundation\\Application->make('view')
#6 C:\\xampp\\htdocs\\workstat\\vendor\\laravel\\framework\\src\\Illuminate\\Support\\Facades\\Facade.php(222): Illuminate\\Container\\Container->offsetGet('view')
#7 C:\\xampp\\htdocs\\workstat\\vendor\\laravel\\framework\\src\\Illuminate\\Support\\Facades\\Facade.php(193): Illuminate\\Support\\Facades\\Facade::resolveFacadeInstance('view')
#8 C:\\xampp\\htdocs\\workstat\\vendor\\laravel\\framework\\src\\Illuminate\\Support\\Facades\\Facade.php(332): Illuminate\\Support\\Facades\\Facade::getFacadeRoot()
#9 C:\\xampp\\htdocs\\workstat\\vendor\\laravel\\framework\\src\\Illuminate\\Foundation\\Exceptions\\RegisterErrorViewPaths.php(18): Illuminate\\Support\\Facades\\Facade::__callStatic('replaceNamespac...', Array)
#10 C:\\xampp\\htdocs\\workstat\\vendor\\laravel\\framework\\src\\Illuminate\\Foundation\\Exceptions\\Handler.php(642): Illuminate\\Foundation\\Exceptions\\RegisterErrorViewPaths->__invoke()
#11 C:\\xampp\\htdocs\\workstat\\vendor\\laravel\\framework\\src\\Illuminate\\Foundation\\Exceptions\\Handler.php(623): Illuminate\\Foundation\\Exceptions\\Handler->registerErrorViewPaths()
#12 C:\\xampp\\htdocs\\workstat\\vendor\\laravel\\framework\\src\\Illuminate\\Foundation\\Exceptions\\Handler.php(554): Illuminate\\Foundation\\Exceptions\\Handler->renderHttpException(Object(Symfony\\Component\\HttpKernel\\Exception\\HttpException))
#13 C:\\xampp\\htdocs\\workstat\\vendor\\laravel\\framework\\src\\Illuminate\\Foundation\\Exceptions\\Handler.php(460): Illuminate\\Foundation\\Exceptions\\Handler->prepareResponse(Object(Illuminate\\Http\\Request), Object(Symfony\\Component\\HttpKernel\\Exception\\HttpException))
#14 C:\\xampp\\htdocs\\workstat\\vendor\\laravel\\framework\\src\\Illuminate\\Foundation\\Exceptions\\Handler.php(377): Illuminate\\Foundation\\Exceptions\\Handler->renderExceptionResponse(Object(Illuminate\\Http\\Request), Object(Error))
#15 C:\\xampp\\htdocs\\workstat\\app\\Exceptions\\Handler.php(87): Illuminate\\Foundation\\Exceptions\\Handler->render(Object(Illuminate\\Http\\Request), Object(Error))
#16 C:\\xampp\\htdocs\\workstat\\vendor\\laravel\\framework\\src\\Illuminate\\Foundation\\Http\\Kernel.php(493): App\\Exceptions\\Handler->render(Object(Illuminate\\Http\\Request), Object(Error))
#17 C:\\xampp\\htdocs\\workstat\\vendor\\laravel\\framework\\src\\Illuminate\\Foundation\\Http\\Kernel.php(138): Illuminate\\Foundation\\Http\\Kernel->renderException(Object(Illuminate\\Http\\Request), Object(Error))
#18 C:\\xampp\\htdocs\\workstat\\public\\index.php(64): Illuminate\\Foundation\\Http\\Kernel->handle(Object(Illuminate\\Http\\Request))
#19 {main}
"} 
[2023-06-30 13:10:12] codecanyon.ERROR: Uncaught ReflectionException: Class "view" does not exist in C:\xampp\htdocs\workstat\vendor\laravel\framework\src\Illuminate\Container\Container.php:889
Stack trace:
#0 C:\xampp\htdocs\workstat\vendor\laravel\framework\src\Illuminate\Container\Container.php(889): ReflectionClass->__construct('view')
#1 C:\xampp\htdocs\workstat\vendor\laravel\framework\src\Illuminate\Container\Container.php(770): Illuminate\Container\Container->build('view')
#2 C:\xampp\htdocs\workstat\vendor\laravel\framework\src\Illuminate\Foundation\Application.php(856): Illuminate\Container\Container->resolve('view', Array, true)
#3 C:\xampp\htdocs\workstat\vendor\laravel\framework\src\Illuminate\Container\Container.php(706): Illuminate\Foundation\Application->resolve('view', Array)
#4 C:\xampp\htdocs\workstat\vendor\laravel\framework\src\Illuminate\Foundation\Application.php(841): Illuminate\Container\Container->make('view', Array)
#5 C:\xampp\htdocs\workstat\vendor\laravel\framework\src\Illuminate\Container\Container.php(1431): Illuminate\Foundation\Application->make('view')
#6 C:\xampp\htdocs\workstat\vendor\laravel\framework\src\Illuminate\Support\Facades\Facade.php(222): Illuminate\Container\Container->offsetGet('view')
#7 C:\xampp\htdocs\workstat\vendor\laravel\framework\src\Illuminate\Support\Facades\Facade.php(193): Illuminate\Support\Facades\Facade::resolveFacadeInstance('view')
#8 C:\xampp\htdocs\workstat\vendor\laravel\framework\src\Illuminate\Support\Facades\Facade.php(332): Illuminate\Support\Facades\Facade::getFacadeRoot()
#9 C:\xampp\htdocs\workstat\vendor\laravel\framework\src\Illuminate\Foundation\Exceptions\RegisterErrorViewPaths.php(18): Illuminate\Support\Facades\Facade::__callStatic('replaceNamespac...', Array)
#10 C:\xampp\htdocs\workstat\vendor\laravel\framework\src\Illuminate\Foundation\Exceptions\Handler.php(642): Illuminate\Foundation\Exceptions\RegisterErrorViewPaths->__invoke()
#11 C:\xampp\htdocs\workstat\vendor\laravel\framework\src\Illuminate\Foundation\Exceptions\Handler.php(623): Illuminate\Foundation\Exceptions\Handler->registerErrorViewPaths()
#12 C:\xampp\htdocs\workstat\vendor\laravel\framework\src\Illuminate\Foundation\Exceptions\Handler.php(554): Illuminate\Foundation\Exceptions\Handler->renderHttpException(Object(Symfony\Component\HttpKernel\Exception\HttpException))
#13 C:\xampp\htdocs\workstat\vendor\laravel\framework\src\Illuminate\Foundation\Exceptions\Handler.php(460): Illuminate\Foundation\Exceptions\Handler->prepareResponse(Object(Illuminate\Http\Request), Object(Symfony\Component\HttpKernel\Exception\HttpException))
#14 C:\xampp\htdocs\workstat\vendor\laravel\framework\src\Illuminate\Foundation\Exceptions\Handler.php(377): Illuminate\Foundation\Exceptions\Handler->renderExceptionResponse(Object(Illuminate\Http\Request), Object(Illuminate\Contracts\Container\BindingResolutionException))
#15 C:\xampp\htdocs\workstat\app\Exceptions\Handler.php(87): Illuminate\Foundation\Exceptions\Handler->render(Object(Illuminate\Http\Request), Object(Illuminate\Contracts\Container\BindingResolutionException))
#16 C:\xampp\htdocs\workstat\vendor\laravel\framework\src\Illuminate\Foundation\Bootstrap\HandleExceptions.php(233): App\Exceptions\Handler->render(Object(Illuminate\Http\Request), Object(Illuminate\Contracts\Container\BindingResolutionException))
#17 C:\xampp\htdocs\workstat\vendor\laravel\framework\src\Illuminate\Foundation\Bootstrap\HandleExceptions.php(210): Illuminate\Foundation\Bootstrap\HandleExceptions->renderHttpResponse(Object(Illuminate\Contracts\Container\BindingResolutionException))
#18 C:\xampp\htdocs\workstat\vendor\laravel\framework\src\Illuminate\Foundation\Bootstrap\HandleExceptions.php(270): Illuminate\Foundation\Bootstrap\HandleExceptions->handleException(Object(Illuminate\Contracts\Container\BindingResolutionException))
#19 [internal function]: Illuminate\Foundation\Bootstrap\HandleExceptions->Illuminate\Foundation\Bootstrap\{closure}(Object(Illuminate\Contracts\Container\BindingResolutionException))
#20 {main}

Next Illuminate\Contracts\Container\BindingResolutionException: Target class [view] does not exist. in C:\xampp\htdocs\workstat\vendor\laravel\framework\src\Illuminate\Container\Container.php:891
Stack trace:
#0 C:\xampp\htdocs\workstat\vendor\laravel\framework\src\Illuminate\Container\Container.php(770): Illuminate\Container\Container->build('view')
#1 C:\xampp\htdocs\workstat\vendor\laravel\framework\src\Illuminate\Foundation\Application.php(856): Illuminate\Container\Container->resolve('view', Array, true)
#2 C:\xampp\htdocs\workstat\vendor\laravel\framework\src\Illuminate\Container\Container.php(706): Illuminate\Foundation\Application->resolve('view', Array)
#3 C:\xampp\htdocs\workstat\vendor\laravel\framework\src\Illuminate\Foundation\Application.php(841): Illuminate\Container\Container->make('view', Array)
#4 C:\xampp\htdocs\workstat\vendor\laravel\framework\src\Illuminate\Container\Container.php(1431): Illuminate\Foundation\Application->make('view')
#5 C:\xampp\htdocs\workstat\vendor\laravel\framework\src\Illuminate\Support\Facades\Facade.php(222): Illuminate\Container\Container->offsetGet('view')
#6 C:\xampp\htdocs\workstat\vendor\laravel\framework\src\Illuminate\Support\Facades\Facade.php(193): Illuminate\Support\Facades\Facade::resolveFacadeInstance('view')
#7 C:\xampp\htdocs\workstat\vendor\laravel\framework\src\Illuminate\Support\Facades\Facade.php(332): Illuminate\Support\Facades\Facade::getFacadeRoot()
#8 C:\xampp\htdocs\workstat\vendor\laravel\framework\src\Illuminate\Foundation\Exceptions\RegisterErrorViewPaths.php(18): Illuminate\Support\Facades\Facade::__callStatic('replaceNamespac...', Array)
#9 C:\xampp\htdocs\workstat\vendor\laravel\framework\src\Illuminate\Foundation\Exceptions\Handler.php(642): Illuminate\Foundation\Exceptions\RegisterErrorViewPaths->__invoke()
#10 C:\xampp\htdocs\workstat\vendor\laravel\framework\src\Illuminate\Foundation\Exceptions\Handler.php(623): Illuminate\Foundation\Exceptions\Handler->registerErrorViewPaths()
#11 C:\xampp\htdocs\workstat\vendor\laravel\framework\src\Illuminate\Foundation\Exceptions\Handler.php(554): Illuminate\Foundation\Exceptions\Handler->renderHttpException(Object(Symfony\Component\HttpKernel\Exception\HttpException))
#12 C:\xampp\htdocs\workstat\vendor\laravel\framework\src\Illuminate\Foundation\Exceptions\Handler.php(460): Illuminate\Foundation\Exceptions\Handler->prepareResponse(Object(Illuminate\Http\Request), Object(Symfony\Component\HttpKernel\Exception\HttpException))
#13 C:\xampp\htdocs\workstat\vendor\laravel\framework\src\Illuminate\Foundation\Exceptions\Handler.php(377): Illuminate\Foundation\Exceptions\Handler->renderExceptionResponse(Object(Illuminate\Http\Request), Object(Illuminate\Contracts\Container\BindingResolutionException))
#14 C:\xampp\htdocs\workstat\app\Exceptions\Handler.php(87): Illuminate\Foundation\Exceptions\Handler->render(Object(Illuminate\Http\Request), Object(Illuminate\Contracts\Container\BindingResolutionException))
#15 C:\xampp\htdocs\workstat\vendor\laravel\framework\src\Illuminate\Foundation\Bootstrap\HandleExceptions.php(233): App\Exceptions\Handler->render(Object(Illuminate\Http\Request), Object(Illuminate\Contracts\Container\BindingResolutionException))
#16 C:\xampp\htdocs\workstat\vendor\laravel\framework\src\Illuminate\Foundation\Bootstrap\HandleExceptions.php(210): Illuminate\Foundation\Bootstrap\HandleExceptions->renderHttpResponse(Object(Illuminate\Contracts\Container\BindingResolutionException))
#17 C:\xampp\htdocs\workstat\vendor\laravel\framework\src\Illuminate\Foundation\Bootstrap\HandleExceptions.php(270): Illuminate\Foundation\Bootstrap\HandleExceptions->handleException(Object(Illuminate\Contracts\Container\BindingResolutionException))
#18 [internal function]: Illuminate\Foundation\Bootstrap\HandleExceptions->Illuminate\Foundation\Bootstrap\{closure}(Object(Illuminate\Contracts\Container\BindingResolutionException))
#19 {main}
  thrown {"exception":"[object] (Symfony\\Component\\ErrorHandler\\Error\\FatalError(code: 0): Uncaught ReflectionException: Class \"view\" does not exist in C:\\xampp\\htdocs\\workstat\\vendor\\laravel\\framework\\src\\Illuminate\\Container\\Container.php:889
Stack trace:
#0 C:\\xampp\\htdocs\\workstat\\vendor\\laravel\\framework\\src\\Illuminate\\Container\\Container.php(889): ReflectionClass->__construct('view')
#1 C:\\xampp\\htdocs\\workstat\\vendor\\laravel\\framework\\src\\Illuminate\\Container\\Container.php(770): Illuminate\\Container\\Container->build('view')
#2 C:\\xampp\\htdocs\\workstat\\vendor\\laravel\\framework\\src\\Illuminate\\Foundation\\Application.php(856): Illuminate\\Container\\Container->resolve('view', Array, true)
#3 C:\\xampp\\htdocs\\workstat\\vendor\\laravel\\framework\\src\\Illuminate\\Container\\Container.php(706): Illuminate\\Foundation\\Application->resolve('view', Array)
#4 C:\\xampp\\htdocs\\workstat\\vendor\\laravel\\framework\\src\\Illuminate\\Foundation\\Application.php(841): Illuminate\\Container\\Container->make('view', Array)
#5 C:\\xampp\\htdocs\\workstat\\vendor\\laravel\\framework\\src\\Illuminate\\Container\\Container.php(1431): Illuminate\\Foundation\\Application->make('view')
#6 C:\\xampp\\htdocs\\workstat\\vendor\\laravel\\framework\\src\\Illuminate\\Support\\Facades\\Facade.php(222): Illuminate\\Container\\Container->offsetGet('view')
#7 C:\\xampp\\htdocs\\workstat\\vendor\\laravel\\framework\\src\\Illuminate\\Support\\Facades\\Facade.php(193): Illuminate\\Support\\Facades\\Facade::resolveFacadeInstance('view')
#8 C:\\xampp\\htdocs\\workstat\\vendor\\laravel\\framework\\src\\Illuminate\\Support\\Facades\\Facade.php(332): Illuminate\\Support\\Facades\\Facade::getFacadeRoot()
#9 C:\\xampp\\htdocs\\workstat\\vendor\\laravel\\framework\\src\\Illuminate\\Foundation\\Exceptions\\RegisterErrorViewPaths.php(18): Illuminate\\Support\\Facades\\Facade::__callStatic('replaceNamespac...', Array)
#10 C:\\xampp\\htdocs\\workstat\\vendor\\laravel\\framework\\src\\Illuminate\\Foundation\\Exceptions\\Handler.php(642): Illuminate\\Foundation\\Exceptions\\RegisterErrorViewPaths->__invoke()
#11 C:\\xampp\\htdocs\\workstat\\vendor\\laravel\\framework\\src\\Illuminate\\Foundation\\Exceptions\\Handler.php(623): Illuminate\\Foundation\\Exceptions\\Handler->registerErrorViewPaths()
#12 C:\\xampp\\htdocs\\workstat\\vendor\\laravel\\framework\\src\\Illuminate\\Foundation\\Exceptions\\Handler.php(554): Illuminate\\Foundation\\Exceptions\\Handler->renderHttpException(Object(Symfony\\Component\\HttpKernel\\Exception\\HttpException))
#13 C:\\xampp\\htdocs\\workstat\\vendor\\laravel\\framework\\src\\Illuminate\\Foundation\\Exceptions\\Handler.php(460): Illuminate\\Foundation\\Exceptions\\Handler->prepareResponse(Object(Illuminate\\Http\\Request), Object(Symfony\\Component\\HttpKernel\\Exception\\HttpException))
#14 C:\\xampp\\htdocs\\workstat\\vendor\\laravel\\framework\\src\\Illuminate\\Foundation\\Exceptions\\Handler.php(377): Illuminate\\Foundation\\Exceptions\\Handler->renderExceptionResponse(Object(Illuminate\\Http\\Request), Object(Illuminate\\Contracts\\Container\\BindingResolutionException))
#15 C:\\xampp\\htdocs\\workstat\\app\\Exceptions\\Handler.php(87): Illuminate\\Foundation\\Exceptions\\Handler->render(Object(Illuminate\\Http\\Request), Object(Illuminate\\Contracts\\Container\\BindingResolutionException))
#16 C:\\xampp\\htdocs\\workstat\\vendor\\laravel\\framework\\src\\Illuminate\\Foundation\\Bootstrap\\HandleExceptions.php(233): App\\Exceptions\\Handler->render(Object(Illuminate\\Http\\Request), Object(Illuminate\\Contracts\\Container\\BindingResolutionException))
#17 C:\\xampp\\htdocs\\workstat\\vendor\\laravel\\framework\\src\\Illuminate\\Foundation\\Bootstrap\\HandleExceptions.php(210): Illuminate\\Foundation\\Bootstrap\\HandleExceptions->renderHttpResponse(Object(Illuminate\\Contracts\\Container\\BindingResolutionException))
#18 C:\\xampp\\htdocs\\workstat\\vendor\\laravel\\framework\\src\\Illuminate\\Foundation\\Bootstrap\\HandleExceptions.php(270): Illuminate\\Foundation\\Bootstrap\\HandleExceptions->handleException(Object(Illuminate\\Contracts\\Container\\BindingResolutionException))
#19 [internal function]: Illuminate\\Foundation\\Bootstrap\\HandleExceptions->Illuminate\\Foundation\\Bootstrap\\{closure}(Object(Illuminate\\Contracts\\Container\\BindingResolutionException))
#20 {main}

Next Illuminate\\Contracts\\Container\\BindingResolutionException: Target class [view] does not exist. in C:\\xampp\\htdocs\\workstat\\vendor\\laravel\\framework\\src\\Illuminate\\Container\\Container.php:891
Stack trace:
#0 C:\\xampp\\htdocs\\workstat\\vendor\\laravel\\framework\\src\\Illuminate\\Container\\Container.php(770): Illuminate\\Container\\Container->build('view')
#1 C:\\xampp\\htdocs\\workstat\\vendor\\laravel\\framework\\src\\Illuminate\\Foundation\\Application.php(856): Illuminate\\Container\\Container->resolve('view', Array, true)
#2 C:\\xampp\\htdocs\\workstat\\vendor\\laravel\\framework\\src\\Illuminate\\Container\\Container.php(706): Illuminate\\Foundation\\Application->resolve('view', Array)
#3 C:\\xampp\\htdocs\\workstat\\vendor\\laravel\\framework\\src\\Illuminate\\Foundation\\Application.php(841): Illuminate\\Container\\Container->make('view', Array)
#4 C:\\xampp\\htdocs\\workstat\\vendor\\laravel\\framework\\src\\Illuminate\\Container\\Container.php(1431): Illuminate\\Foundation\\Application->make('view')
#5 C:\\xampp\\htdocs\\workstat\\vendor\\laravel\\framework\\src\\Illuminate\\Support\\Facades\\Facade.php(222): Illuminate\\Container\\Container->offsetGet('view')
#6 C:\\xampp\\htdocs\\workstat\\vendor\\laravel\\framework\\src\\Illuminate\\Support\\Facades\\Facade.php(193): Illuminate\\Support\\Facades\\Facade::resolveFacadeInstance('view')
#7 C:\\xampp\\htdocs\\workstat\\vendor\\laravel\\framework\\src\\Illuminate\\Support\\Facades\\Facade.php(332): Illuminate\\Support\\Facades\\Facade::getFacadeRoot()
#8 C:\\xampp\\htdocs\\workstat\\vendor\\laravel\\framework\\src\\Illuminate\\Foundation\\Exceptions\\RegisterErrorViewPaths.php(18): Illuminate\\Support\\Facades\\Facade::__callStatic('replaceNamespac...', Array)
#9 C:\\xampp\\htdocs\\workstat\\vendor\\laravel\\framework\\src\\Illuminate\\Foundation\\Exceptions\\Handler.php(642): Illuminate\\Foundation\\Exceptions\\RegisterErrorViewPaths->__invoke()
#10 C:\\xampp\\htdocs\\workstat\\vendor\\laravel\\framework\\src\\Illuminate\\Foundation\\Exceptions\\Handler.php(623): Illuminate\\Foundation\\Exceptions\\Handler->registerErrorViewPaths()
#11 C:\\xampp\\htdocs\\workstat\\vendor\\laravel\\framework\\src\\Illuminate\\Foundation\\Exceptions\\Handler.php(554): Illuminate\\Foundation\\Exceptions\\Handler->renderHttpException(Object(Symfony\\Component\\HttpKernel\\Exception\\HttpException))
#12 C:\\xampp\\htdocs\\workstat\\vendor\\laravel\\framework\\src\\Illuminate\\Foundation\\Exceptions\\Handler.php(460): Illuminate\\Foundation\\Exceptions\\Handler->prepareResponse(Object(Illuminate\\Http\\Request), Object(Symfony\\Component\\HttpKernel\\Exception\\HttpException))
#13 C:\\xampp\\htdocs\\workstat\\vendor\\laravel\\framework\\src\\Illuminate\\Foundation\\Exceptions\\Handler.php(377): Illuminate\\Foundation\\Exceptions\\Handler->renderExceptionResponse(Object(Illuminate\\Http\\Request), Object(Illuminate\\Contracts\\Container\\BindingResolutionException))
#14 C:\\xampp\\htdocs\\workstat\\app\\Exceptions\\Handler.php(87): Illuminate\\Foundation\\Exceptions\\Handler->render(Object(Illuminate\\Http\\Request), Object(Illuminate\\Contracts\\Container\\BindingResolutionException))
#15 C:\\xampp\\htdocs\\workstat\\vendor\\laravel\\framework\\src\\Illuminate\\Foundation\\Bootstrap\\HandleExceptions.php(233): App\\Exceptions\\Handler->render(Object(Illuminate\\Http\\Request), Object(Illuminate\\Contracts\\Container\\BindingResolutionException))
#16 C:\\xampp\\htdocs\\workstat\\vendor\\laravel\\framework\\src\\Illuminate\\Foundation\\Bootstrap\\HandleExceptions.php(210): Illuminate\\Foundation\\Bootstrap\\HandleExceptions->renderHttpResponse(Object(Illuminate\\Contracts\\Container\\BindingResolutionException))
#17 C:\\xampp\\htdocs\\workstat\\vendor\\laravel\\framework\\src\\Illuminate\\Foundation\\Bootstrap\\HandleExceptions.php(270): Illuminate\\Foundation\\Bootstrap\\HandleExceptions->handleException(Object(Illuminate\\Contracts\\Container\\BindingResolutionException))
#18 [internal function]: Illuminate\\Foundation\\Bootstrap\\HandleExceptions->Illuminate\\Foundation\\Bootstrap\\{closure}(Object(Illuminate\\Contracts\\Container\\BindingResolutionException))
#19 {main}
  thrown at C:\\xampp\\htdocs\\workstat\\vendor\\laravel\\framework\\src\\Illuminate\\Container\\Container.php:891)
[stacktrace]
#0 {main}
"} 
