[2023-06-06 09:20:40] codecanyon.ERROR: Attempt to read property "currency_id" on null {"userId":7,"exception":"[object] (ErrorException(code: 0): Attempt to read property \"currency_id\" on null at /var/www/html/worksuite/app/Http/Controllers/InvoiceController.php:1213)
[stacktrace]
#0 /var/www/html/worksuite/vendor/laravel/framework/src/Illuminate/Foundation/Bootstrap/HandleExceptions.php(266): Illuminate\Foundation\Bootstrap\HandleExceptions->handleError()
#1 /var/www/html/worksuite/app/Http/Controllers/InvoiceController.php(1213): Illuminate\Foundation\Bootstrap\HandleExceptions->Illuminate\Foundation\Bootstrap\{closure}()
#2 /var/www/html/worksuite/vendor/laravel/framework/src/Illuminate/Routing/Controller.php(54): App\Http\Controllers\InvoiceController->getClientOrCompanyName()
#3 /var/www/html/worksuite/vendor/laravel/framework/src/Illuminate/Routing/ControllerDispatcher.php(43): Illuminate\Routing\Controller->callAction()
#4 /var/www/html/worksuite/vendor/laravel/framework/src/Illuminate/Routing/Route.php(259): Illuminate\Routing\ControllerDispatcher->dispatch()
#5 /var/www/html/worksuite/vendor/laravel/framework/src/Illuminate/Routing/Route.php(205): Illuminate\Routing\Route->runController()
#6 /var/www/html/worksuite/vendor/laravel/framework/src/Illuminate/Routing/Router.php(798): Illuminate\Routing\Route->run()
#7 /var/www/html/worksuite/vendor/laravel/framework/src/Illuminate/Pipeline/Pipeline.php(141): Illuminate\Routing\Router->Illuminate\Routing\{closure}()
#8 /var/www/html/worksuite/app/Http/Controllers/InvoiceController.php(55): Illuminate\Pipeline\Pipeline->Illuminate\Pipeline\{closure}()
#9 /var/www/html/worksuite/vendor/laravel/framework/src/Illuminate/Pipeline/Pipeline.php(162): App\Http\Controllers\InvoiceController->App\Http\Controllers\{closure}()
#10 /var/www/html/worksuite/app/Http/Controllers/AccountBaseController.php(46): Illuminate\Pipeline\Pipeline->Illuminate\Pipeline\{closure}()
#11 /var/www/html/worksuite/vendor/laravel/framework/src/Illuminate/Pipeline/Pipeline.php(162): App\Http\Controllers\AccountBaseController->App\Http\Controllers\{closure}()
#12 /var/www/html/worksuite/app/Http/Controllers/Controller.php(93): Illuminate\Pipeline\Pipeline->Illuminate\Pipeline\{closure}()
#13 /var/www/html/worksuite/vendor/laravel/framework/src/Illuminate/Pipeline/Pipeline.php(162): App\Http\Controllers\Controller->App\Http\Controllers\{closure}()
#14 /var/www/html/worksuite/app/Http/Middleware/EmailVerified.php(42): Illuminate\Pipeline\Pipeline->Illuminate\Pipeline\{closure}()
#15 /var/www/html/worksuite/vendor/laravel/framework/src/Illuminate/Pipeline/Pipeline.php(180): App\Http\Middleware\EmailVerified->handle()
#16 /var/www/html/worksuite/app/Http/Middleware/MultiCompanySelect.php(46): Illuminate\Pipeline\Pipeline->Illuminate\Pipeline\{closure}()
#17 /var/www/html/worksuite/vendor/laravel/framework/src/Illuminate/Pipeline/Pipeline.php(180): App\Http\Middleware\MultiCompanySelect->handle()
#18 /var/www/html/worksuite/vendor/laravel/framework/src/Illuminate/Routing/Middleware/SubstituteBindings.php(50): Illuminate\Pipeline\Pipeline->Illuminate\Pipeline\{closure}()
#19 /var/www/html/worksuite/vendor/laravel/framework/src/Illuminate/Pipeline/Pipeline.php(180): Illuminate\Routing\Middleware\SubstituteBindings->handle()
#20 /var/www/html/worksuite/vendor/laravel/framework/src/Illuminate/Auth/Middleware/Authenticate.php(44): Illuminate\Pipeline\Pipeline->Illuminate\Pipeline\{closure}()
#21 /var/www/html/worksuite/vendor/laravel/framework/src/Illuminate/Pipeline/Pipeline.php(180): Illuminate\Auth\Middleware\Authenticate->handle()
#22 /var/www/html/worksuite/vendor/laravel/framework/src/Illuminate/Foundation/Http/Middleware/VerifyCsrfToken.php(78): Illuminate\Pipeline\Pipeline->Illuminate\Pipeline\{closure}()
#23 /var/www/html/worksuite/vendor/laravel/framework/src/Illuminate/Pipeline/Pipeline.php(180): Illuminate\Foundation\Http\Middleware\VerifyCsrfToken->handle()
#24 /var/www/html/worksuite/vendor/laravel/framework/src/Illuminate/View/Middleware/ShareErrorsFromSession.php(49): Illuminate\Pipeline\Pipeline->Illuminate\Pipeline\{closure}()
#25 /var/www/html/worksuite/vendor/laravel/framework/src/Illuminate/Pipeline/Pipeline.php(180): Illuminate\View\Middleware\ShareErrorsFromSession->handle()
#26 /var/www/html/worksuite/vendor/laravel/framework/src/Illuminate/Session/Middleware/StartSession.php(121): Illuminate\Pipeline\Pipeline->Illuminate\Pipeline\{closure}()
#27 /var/www/html/worksuite/vendor/laravel/framework/src/Illuminate/Session/Middleware/StartSession.php(64): Illuminate\Session\Middleware\StartSession->handleStatefulRequest()
#28 /var/www/html/worksuite/vendor/laravel/framework/src/Illuminate/Pipeline/Pipeline.php(180): Illuminate\Session\Middleware\StartSession->handle()
#29 /var/www/html/worksuite/vendor/laravel/framework/src/Illuminate/Cookie/Middleware/AddQueuedCookiesToResponse.php(37): Illuminate\Pipeline\Pipeline->Illuminate\Pipeline\{closure}()
#30 /var/www/html/worksuite/vendor/laravel/framework/src/Illuminate/Pipeline/Pipeline.php(180): Illuminate\Cookie\Middleware\AddQueuedCookiesToResponse->handle()
#31 /var/www/html/worksuite/vendor/laravel/framework/src/Illuminate/Cookie/Middleware/EncryptCookies.php(67): Illuminate\Pipeline\Pipeline->Illuminate\Pipeline\{closure}()
#32 /var/www/html/worksuite/vendor/laravel/framework/src/Illuminate/Pipeline/Pipeline.php(180): Illuminate\Cookie\Middleware\EncryptCookies->handle()
#33 /var/www/html/worksuite/vendor/laravel/framework/src/Illuminate/Pipeline/Pipeline.php(116): Illuminate\Pipeline\Pipeline->Illuminate\Pipeline\{closure}()
#34 /var/www/html/worksuite/vendor/laravel/framework/src/Illuminate/Routing/Router.php(797): Illuminate\Pipeline\Pipeline->then()
#35 /var/www/html/worksuite/vendor/laravel/framework/src/Illuminate/Routing/Router.php(776): Illuminate\Routing\Router->runRouteWithinStack()
#36 /var/www/html/worksuite/vendor/laravel/framework/src/Illuminate/Routing/Router.php(740): Illuminate\Routing\Router->runRoute()
#37 /var/www/html/worksuite/vendor/laravel/framework/src/Illuminate/Routing/Router.php(729): Illuminate\Routing\Router->dispatchToRoute()
#38 /var/www/html/worksuite/vendor/laravel/framework/src/Illuminate/Foundation/Http/Kernel.php(190): Illuminate\Routing\Router->dispatch()
#39 /var/www/html/worksuite/vendor/laravel/framework/src/Illuminate/Pipeline/Pipeline.php(141): Illuminate\Foundation\Http\Kernel->Illuminate\Foundation\Http\{closure}()
#40 /var/www/html/worksuite/vendor/barryvdh/laravel-debugbar/src/Middleware/InjectDebugbar.php(59): Illuminate\Pipeline\Pipeline->Illuminate\Pipeline\{closure}()
#41 /var/www/html/worksuite/vendor/laravel/framework/src/Illuminate/Pipeline/Pipeline.php(180): Barryvdh\Debugbar\Middleware\InjectDebugbar->handle()
#42 /var/www/html/worksuite/vendor/froiden/envato/src/Middleware/XSS.php(25): Illuminate\Pipeline\Pipeline->Illuminate\Pipeline\{closure}()
#43 /var/www/html/worksuite/vendor/laravel/framework/src/Illuminate/Pipeline/Pipeline.php(180): Froiden\Envato\Middleware\XSS->handle()
#44 /var/www/html/worksuite/vendor/laravel/framework/src/Illuminate/Foundation/Http/Middleware/TransformsRequest.php(21): Illuminate\Pipeline\Pipeline->Illuminate\Pipeline\{closure}()
#45 /var/www/html/worksuite/vendor/laravel/framework/src/Illuminate/Foundation/Http/Middleware/ConvertEmptyStringsToNull.php(31): Illuminate\Foundation\Http\Middleware\TransformsRequest->handle()
#46 /var/www/html/worksuite/vendor/laravel/framework/src/Illuminate/Pipeline/Pipeline.php(180): Illuminate\Foundation\Http\Middleware\ConvertEmptyStringsToNull->handle()
#47 /var/www/html/worksuite/vendor/laravel/framework/src/Illuminate/Foundation/Http/Middleware/TransformsRequest.php(21): Illuminate\Pipeline\Pipeline->Illuminate\Pipeline\{closure}()
#48 /var/www/html/worksuite/vendor/laravel/framework/src/Illuminate/Foundation/Http/Middleware/TrimStrings.php(40): Illuminate\Foundation\Http\Middleware\TransformsRequest->handle()
#49 /var/www/html/worksuite/vendor/laravel/framework/src/Illuminate/Pipeline/Pipeline.php(180): Illuminate\Foundation\Http\Middleware\TrimStrings->handle()
#50 /var/www/html/worksuite/vendor/laravel/framework/src/Illuminate/Foundation/Http/Middleware/ValidatePostSize.php(27): Illuminate\Pipeline\Pipeline->Illuminate\Pipeline\{closure}()
#51 /var/www/html/worksuite/vendor/laravel/framework/src/Illuminate/Pipeline/Pipeline.php(180): Illuminate\Foundation\Http\Middleware\ValidatePostSize->handle()
#52 /var/www/html/worksuite/vendor/laravel/framework/src/Illuminate/Foundation/Http/Middleware/PreventRequestsDuringMaintenance.php(86): Illuminate\Pipeline\Pipeline->Illuminate\Pipeline\{closure}()
#53 /var/www/html/worksuite/vendor/laravel/framework/src/Illuminate/Pipeline/Pipeline.php(180): Illuminate\Foundation\Http\Middleware\PreventRequestsDuringMaintenance->handle()
#54 /var/www/html/worksuite/vendor/fruitcake/laravel-cors/src/HandleCors.php(38): Illuminate\Pipeline\Pipeline->Illuminate\Pipeline\{closure}()
#55 /var/www/html/worksuite/vendor/laravel/framework/src/Illuminate/Pipeline/Pipeline.php(180): Fruitcake\Cors\HandleCors->handle()
#56 /var/www/html/worksuite/vendor/laravel/framework/src/Illuminate/Http/Middleware/TrustProxies.php(39): Illuminate\Pipeline\Pipeline->Illuminate\Pipeline\{closure}()
#57 /var/www/html/worksuite/vendor/laravel/framework/src/Illuminate/Pipeline/Pipeline.php(180): Illuminate\Http\Middleware\TrustProxies->handle()
#58 /var/www/html/worksuite/vendor/laravel/framework/src/Illuminate/Pipeline/Pipeline.php(116): Illuminate\Pipeline\Pipeline->Illuminate\Pipeline\{closure}()
#59 /var/www/html/worksuite/vendor/laravel/framework/src/Illuminate/Foundation/Http/Kernel.php(165): Illuminate\Pipeline\Pipeline->then()
#60 /var/www/html/worksuite/vendor/laravel/framework/src/Illuminate/Foundation/Http/Kernel.php(134): Illuminate\Foundation\Http\Kernel->sendRequestThroughRouter()
#61 /var/www/html/worksuite/public/index.php(63): Illuminate\Foundation\Http\Kernel->handle()
#62 {main}
"} 
[2023-06-06 23:00:16] codecanyon.ERROR: Client error: `GET https://free.currconv.com/api/v7/convert?q=USD_USD&compact=ultra&apiKey=` resulted in a `400 Bad Request` response:
{"status":400,"error":"Free API Key is required. Obtain your free API key at https://free.currencyconverterapi.com"}
 {"exception":"[object] (GuzzleHttp\\Exception\\ClientException(code: 400): Client error: `GET https://free.currconv.com/api/v7/convert?q=USD_USD&compact=ultra&apiKey=` resulted in a `400 Bad Request` response:
{\"status\":400,\"error\":\"Free API Key is required. Obtain your free API key at https://free.currencyconverterapi.com\"}
 at /var/www/html/worksuite/vendor/guzzlehttp/guzzle/src/Exception/RequestException.php:113)
[stacktrace]
#0 /var/www/html/worksuite/vendor/guzzlehttp/guzzle/src/Middleware.php(69): GuzzleHttp\\Exception\\RequestException::create()
#1 /var/www/html/worksuite/vendor/guzzlehttp/promises/src/Promise.php(204): GuzzleHttp\\Middleware::GuzzleHttp\\{closure}()
#2 /var/www/html/worksuite/vendor/guzzlehttp/promises/src/Promise.php(153): GuzzleHttp\\Promise\\Promise::callHandler()
#3 /var/www/html/worksuite/vendor/guzzlehttp/promises/src/TaskQueue.php(48): GuzzleHttp\\Promise\\Promise::GuzzleHttp\\Promise\\{closure}()
#4 /var/www/html/worksuite/vendor/guzzlehttp/promises/src/Promise.php(248): GuzzleHttp\\Promise\\TaskQueue->run()
#5 /var/www/html/worksuite/vendor/guzzlehttp/promises/src/Promise.php(224): GuzzleHttp\\Promise\\Promise->invokeWaitFn()
#6 /var/www/html/worksuite/vendor/guzzlehttp/promises/src/Promise.php(269): GuzzleHttp\\Promise\\Promise->waitIfPending()
#7 /var/www/html/worksuite/vendor/guzzlehttp/promises/src/Promise.php(226): GuzzleHttp\\Promise\\Promise->invokeWaitList()
#8 /var/www/html/worksuite/vendor/guzzlehttp/promises/src/Promise.php(62): GuzzleHttp\\Promise\\Promise->waitIfPending()
#9 /var/www/html/worksuite/vendor/guzzlehttp/guzzle/src/Client.php(187): GuzzleHttp\\Promise\\Promise->wait()
#10 /var/www/html/worksuite/app/Console/Commands/UpdateExchangeRates.php(47): GuzzleHttp\\Client->request()
#11 /var/www/html/worksuite/vendor/laravel/framework/src/Illuminate/Collections/Traits/EnumeratesValues.php(235): App\\Console\\Commands\\UpdateExchangeRates->App\\Console\\Commands\\{closure}()
#12 /var/www/html/worksuite/app/Console/Commands/UpdateExchangeRates.php(46): Illuminate\\Support\\Collection->each()
#13 /var/www/html/worksuite/vendor/laravel/framework/src/Illuminate/Container/BoundMethod.php(36): App\\Console\\Commands\\UpdateExchangeRates->handle()
#14 /var/www/html/worksuite/vendor/laravel/framework/src/Illuminate/Container/Util.php(41): Illuminate\\Container\\BoundMethod::Illuminate\\Container\\{closure}()
#15 /var/www/html/worksuite/vendor/laravel/framework/src/Illuminate/Container/BoundMethod.php(93): Illuminate\\Container\\Util::unwrapIfClosure()
#16 /var/www/html/worksuite/vendor/laravel/framework/src/Illuminate/Container/BoundMethod.php(35): Illuminate\\Container\\BoundMethod::callBoundMethod()
#17 /var/www/html/worksuite/vendor/laravel/framework/src/Illuminate/Container/Container.php(661): Illuminate\\Container\\BoundMethod::call()
#18 /var/www/html/worksuite/vendor/laravel/framework/src/Illuminate/Console/Command.php(183): Illuminate\\Container\\Container->call()
#19 /var/www/html/worksuite/vendor/symfony/console/Command/Command.php(291): Illuminate\\Console\\Command->execute()
#20 /var/www/html/worksuite/vendor/laravel/framework/src/Illuminate/Console/Command.php(152): Symfony\\Component\\Console\\Command\\Command->run()
#21 /var/www/html/worksuite/vendor/symfony/console/Application.php(1014): Illuminate\\Console\\Command->run()
#22 /var/www/html/worksuite/vendor/symfony/console/Application.php(301): Symfony\\Component\\Console\\Application->doRunCommand()
#23 /var/www/html/worksuite/vendor/symfony/console/Application.php(171): Symfony\\Component\\Console\\Application->doRun()
#24 /var/www/html/worksuite/vendor/laravel/framework/src/Illuminate/Console/Application.php(102): Symfony\\Component\\Console\\Application->run()
#25 /var/www/html/worksuite/vendor/laravel/framework/src/Illuminate/Foundation/Console/Kernel.php(155): Illuminate\\Console\\Application->run()
#26 /var/www/html/worksuite/artisan(35): Illuminate\\Foundation\\Console\\Kernel->handle()
#27 {main}
"} 
